{
  "/Users/quanle/Workspace/personal/code-review-action/src/index.ts": {
    "path": "/Users/quanle/Workspace/personal/code-review-action/src/index.ts",
    "all": true,
    "statementMap": {
      "0": { "start": { "line": 1, "column": 0 }, "end": { "line": 1, "column": 41 } },
      "1": { "start": { "line": 2, "column": 0 }, "end": { "line": 2, "column": 44 } },
      "2": { "start": { "line": 3, "column": 0 }, "end": { "line": 3, "column": 0 } },
      "3": { "start": { "line": 4, "column": 0 }, "end": { "line": 4, "column": 64 } },
      "4": { "start": { "line": 5, "column": 0 }, "end": { "line": 5, "column": 38 } },
      "5": { "start": { "line": 6, "column": 0 }, "end": { "line": 6, "column": 41 } },
      "6": { "start": { "line": 7, "column": 0 }, "end": { "line": 7, "column": 0 } },
      "7": { "start": { "line": 8, "column": 0 }, "end": { "line": 8, "column": 37 } },
      "8": { "start": { "line": 9, "column": 0 }, "end": { "line": 9, "column": 93 } },
      "9": { "start": { "line": 10, "column": 0 }, "end": { "line": 10, "column": 18 } },
      "10": { "start": { "line": 11, "column": 0 }, "end": { "line": 11, "column": 3 } }
    },
    "s": {
      "0": 0,
      "1": 0,
      "2": 0,
      "3": 0,
      "4": 0,
      "5": 0,
      "6": 0,
      "7": 0,
      "8": 0,
      "9": 0,
      "10": 0
    },
    "branchMap": {
      "0": {
        "type": "branch",
        "line": 1,
        "loc": { "start": { "line": 1, "column": 0 }, "end": { "line": 11, "column": 3 } },
        "locations": [{ "start": { "line": 1, "column": 0 }, "end": { "line": 11, "column": 3 } }]
      }
    },
    "b": { "0": [0] },
    "fnMap": {
      "0": {
        "name": "(empty-report)",
        "decl": { "start": { "line": 1, "column": 0 }, "end": { "line": 11, "column": 3 } },
        "loc": { "start": { "line": 1, "column": 0 }, "end": { "line": 11, "column": 3 } },
        "line": 1
      }
    },
    "f": { "0": 0 }
  },
  "/Users/quanle/Workspace/personal/code-review-action/src/core/ai-code-review.ts": {
    "path": "/Users/quanle/Workspace/personal/code-review-action/src/core/ai-code-review.ts",
    "all": true,
    "statementMap": {
      "0": { "start": { "line": 1, "column": 0 }, "end": { "line": 1, "column": 38 } },
      "1": { "start": { "line": 2, "column": 0 }, "end": { "line": 2, "column": 34 } },
      "2": { "start": { "line": 3, "column": 0 }, "end": { "line": 3, "column": 41 } },
      "3": { "start": { "line": 4, "column": 0 }, "end": { "line": 4, "column": 74 } },
      "4": { "start": { "line": 5, "column": 0 }, "end": { "line": 5, "column": 40 } },
      "5": { "start": { "line": 6, "column": 0 }, "end": { "line": 6, "column": 0 } },
      "6": { "start": { "line": 7, "column": 0 }, "end": { "line": 7, "column": 3 } },
      "7": { "start": { "line": 8, "column": 0 }, "end": { "line": 8, "column": 40 } },
      "8": { "start": { "line": 9, "column": 0 }, "end": { "line": 9, "column": 3 } },
      "9": { "start": { "line": 10, "column": 0 }, "end": { "line": 10, "column": 27 } },
      "10": { "start": { "line": 11, "column": 0 }, "end": { "line": 11, "column": 31 } },
      "11": { "start": { "line": 12, "column": 0 }, "end": { "line": 12, "column": 37 } },
      "12": { "start": { "line": 13, "column": 0 }, "end": { "line": 13, "column": 41 } },
      "13": { "start": { "line": 14, "column": 0 }, "end": { "line": 14, "column": 37 } },
      "14": { "start": { "line": 15, "column": 0 }, "end": { "line": 15, "column": 39 } },
      "15": { "start": { "line": 16, "column": 0 }, "end": { "line": 16, "column": 27 } },
      "16": { "start": { "line": 17, "column": 0 }, "end": { "line": 17, "column": 0 } },
      "17": { "start": { "line": 18, "column": 0 }, "end": { "line": 18, "column": 17 } },
      "18": { "start": { "line": 19, "column": 0 }, "end": { "line": 19, "column": 25 } },
      "19": { "start": { "line": 20, "column": 0 }, "end": { "line": 20, "column": 42 } },
      "20": { "start": { "line": 21, "column": 0 }, "end": { "line": 21, "column": 0 } },
      "21": { "start": { "line": 22, "column": 0 }, "end": { "line": 22, "column": 40 } },
      "22": { "start": { "line": 23, "column": 0 }, "end": { "line": 23, "column": 42 } },
      "23": { "start": { "line": 24, "column": 0 }, "end": { "line": 24, "column": 50 } },
      "24": { "start": { "line": 25, "column": 0 }, "end": { "line": 25, "column": 0 } },
      "25": { "start": { "line": 26, "column": 0 }, "end": { "line": 26, "column": 26 } },
      "26": { "start": { "line": 27, "column": 0 }, "end": { "line": 27, "column": 51 } },
      "27": { "start": { "line": 28, "column": 0 }, "end": { "line": 28, "column": 58 } },
      "28": { "start": { "line": 29, "column": 0 }, "end": { "line": 29, "column": 96 } },
      "29": { "start": { "line": 30, "column": 0 }, "end": { "line": 30, "column": 43 } },
      "30": { "start": { "line": 31, "column": 0 }, "end": { "line": 31, "column": 18 } },
      "31": { "start": { "line": 32, "column": 0 }, "end": { "line": 32, "column": 26 } },
      "32": { "start": { "line": 33, "column": 0 }, "end": { "line": 33, "column": 24 } },
      "33": { "start": { "line": 34, "column": 0 }, "end": { "line": 34, "column": 24 } },
      "34": { "start": { "line": 35, "column": 0 }, "end": { "line": 35, "column": 20 } },
      "35": { "start": { "line": 36, "column": 0 }, "end": { "line": 36, "column": 6 } },
      "36": { "start": { "line": 37, "column": 0 }, "end": { "line": 37, "column": 3 } },
      "37": { "start": { "line": 38, "column": 0 }, "end": { "line": 38, "column": 0 } },
      "38": { "start": { "line": 39, "column": 0 }, "end": { "line": 39, "column": 5 } },
      "39": { "start": { "line": 40, "column": 0 }, "end": { "line": 40, "column": 26 } },
      "40": { "start": { "line": 41, "column": 0 }, "end": { "line": 41, "column": 5 } },
      "41": { "start": { "line": 42, "column": 0 }, "end": { "line": 42, "column": 30 } },
      "42": { "start": { "line": 43, "column": 0 }, "end": { "line": 43, "column": 9 } },
      "43": { "start": { "line": 44, "column": 0 }, "end": { "line": 44, "column": 49 } },
      "44": { "start": { "line": 45, "column": 0 }, "end": { "line": 45, "column": 0 } },
      "45": { "start": { "line": 46, "column": 0 }, "end": { "line": 46, "column": 45 } },
      "46": { "start": { "line": 47, "column": 0 }, "end": { "line": 47, "column": 70 } },
      "47": { "start": { "line": 48, "column": 0 }, "end": { "line": 48, "column": 0 } },
      "48": { "start": { "line": 49, "column": 0 }, "end": { "line": 49, "column": 38 } },
      "49": { "start": { "line": 50, "column": 0 }, "end": { "line": 50, "column": 40 } },
      "50": { "start": { "line": 51, "column": 0 }, "end": { "line": 51, "column": 15 } },
      "51": { "start": { "line": 52, "column": 0 }, "end": { "line": 52, "column": 7 } },
      "52": { "start": { "line": 53, "column": 0 }, "end": { "line": 53, "column": 0 } },
      "53": { "start": { "line": 54, "column": 0 }, "end": { "line": 54, "column": 39 } },
      "54": { "start": { "line": 55, "column": 0 }, "end": { "line": 55, "column": 73 } },
      "55": { "start": { "line": 56, "column": 0 }, "end": { "line": 56, "column": 0 } },
      "56": { "start": { "line": 57, "column": 0 }, "end": { "line": 57, "column": 39 } },
      "57": { "start": { "line": 58, "column": 0 }, "end": { "line": 58, "column": 65 } },
      "58": { "start": { "line": 59, "column": 0 }, "end": { "line": 59, "column": 15 } },
      "59": { "start": { "line": 60, "column": 0 }, "end": { "line": 60, "column": 7 } },
      "60": { "start": { "line": 61, "column": 0 }, "end": { "line": 61, "column": 0 } },
      "61": { "start": { "line": 62, "column": 0 }, "end": { "line": 62, "column": 21 } },
      "62": { "start": { "line": 63, "column": 0 }, "end": { "line": 63, "column": 80 } },
      "63": { "start": { "line": 64, "column": 0 }, "end": { "line": 64, "column": 0 } },
      "64": { "start": { "line": 65, "column": 0 }, "end": { "line": 65, "column": 28 } },
      "65": { "start": { "line": 66, "column": 0 }, "end": { "line": 66, "column": 37 } },
      "66": { "start": { "line": 67, "column": 0 }, "end": { "line": 67, "column": 67 } },
      "67": { "start": { "line": 68, "column": 0 }, "end": { "line": 68, "column": 14 } },
      "68": { "start": { "line": 69, "column": 0 }, "end": { "line": 69, "column": 50 } },
      "69": { "start": { "line": 70, "column": 0 }, "end": { "line": 70, "column": 7 } },
      "70": { "start": { "line": 71, "column": 0 }, "end": { "line": 71, "column": 0 } },
      "71": { "start": { "line": 72, "column": 0 }, "end": { "line": 72, "column": 59 } },
      "72": { "start": { "line": 73, "column": 0 }, "end": { "line": 73, "column": 21 } },
      "73": { "start": { "line": 74, "column": 0 }, "end": { "line": 74, "column": 49 } },
      "74": { "start": { "line": 75, "column": 0 }, "end": { "line": 75, "column": 5 } },
      "75": { "start": { "line": 76, "column": 0 }, "end": { "line": 76, "column": 3 } },
      "76": { "start": { "line": 77, "column": 0 }, "end": { "line": 77, "column": 0 } },
      "77": { "start": { "line": 78, "column": 0 }, "end": { "line": 78, "column": 5 } },
      "78": { "start": { "line": 79, "column": 0 }, "end": { "line": 79, "column": 44 } },
      "79": { "start": { "line": 80, "column": 0 }, "end": { "line": 80, "column": 5 } },
      "80": { "start": { "line": 81, "column": 0 }, "end": { "line": 81, "column": 86 } },
      "81": { "start": { "line": 82, "column": 0 }, "end": { "line": 82, "column": 9 } },
      "82": { "start": { "line": 83, "column": 0 }, "end": { "line": 83, "column": 82 } },
      "83": { "start": { "line": 84, "column": 0 }, "end": { "line": 84, "column": 54 } },
      "84": { "start": { "line": 85, "column": 0 }, "end": { "line": 85, "column": 0 } },
      "85": { "start": { "line": 86, "column": 0 }, "end": { "line": 86, "column": 68 } },
      "86": { "start": { "line": 87, "column": 0 }, "end": { "line": 87, "column": 56 } },
      "87": { "start": { "line": 88, "column": 0 }, "end": { "line": 88, "column": 21 } },
      "88": { "start": { "line": 89, "column": 0 }, "end": { "line": 89, "column": 17 } },
      "89": { "start": { "line": 90, "column": 0 }, "end": { "line": 90, "column": 101 } },
      "90": { "start": { "line": 91, "column": 0 }, "end": { "line": 91, "column": 8 } },
      "91": { "start": { "line": 92, "column": 0 }, "end": { "line": 92, "column": 18 } },
      "92": { "start": { "line": 93, "column": 0 }, "end": { "line": 93, "column": 5 } },
      "93": { "start": { "line": 94, "column": 0 }, "end": { "line": 94, "column": 3 } },
      "94": { "start": { "line": 95, "column": 0 }, "end": { "line": 95, "column": 1 } },
      "95": { "start": { "line": 96, "column": 0 }, "end": { "line": 96, "column": 0 } },
      "96": { "start": { "line": 97, "column": 0 }, "end": { "line": 97, "column": 3 } },
      "97": { "start": { "line": 98, "column": 0 }, "end": { "line": 98, "column": 26 } },
      "98": { "start": { "line": 99, "column": 0 }, "end": { "line": 99, "column": 3 } },
      "99": { "start": { "line": 100, "column": 0 }, "end": { "line": 100, "column": 45 } },
      "100": { "start": { "line": 101, "column": 0 }, "end": { "line": 101, "column": 36 } },
      "101": { "start": { "line": 102, "column": 0 }, "end": { "line": 102, "column": 21 } },
      "102": { "start": { "line": 103, "column": 0 }, "end": { "line": 103, "column": 1 } }
    },
    "s": {
      "0": 0,
      "1": 0,
      "2": 0,
      "3": 0,
      "4": 0,
      "5": 0,
      "6": 0,
      "7": 0,
      "8": 0,
      "9": 0,
      "10": 0,
      "11": 0,
      "12": 0,
      "13": 0,
      "14": 0,
      "15": 0,
      "16": 0,
      "17": 0,
      "18": 0,
      "19": 0,
      "20": 0,
      "21": 0,
      "22": 0,
      "23": 0,
      "24": 0,
      "25": 0,
      "26": 0,
      "27": 0,
      "28": 0,
      "29": 0,
      "30": 0,
      "31": 0,
      "32": 0,
      "33": 0,
      "34": 0,
      "35": 0,
      "36": 0,
      "37": 0,
      "38": 0,
      "39": 0,
      "40": 0,
      "41": 0,
      "42": 0,
      "43": 0,
      "44": 0,
      "45": 0,
      "46": 0,
      "47": 0,
      "48": 0,
      "49": 0,
      "50": 0,
      "51": 0,
      "52": 0,
      "53": 0,
      "54": 0,
      "55": 0,
      "56": 0,
      "57": 0,
      "58": 0,
      "59": 0,
      "60": 0,
      "61": 0,
      "62": 0,
      "63": 0,
      "64": 0,
      "65": 0,
      "66": 0,
      "67": 0,
      "68": 0,
      "69": 0,
      "70": 0,
      "71": 0,
      "72": 0,
      "73": 0,
      "74": 0,
      "75": 0,
      "76": 0,
      "77": 0,
      "78": 0,
      "79": 0,
      "80": 0,
      "81": 0,
      "82": 0,
      "83": 0,
      "84": 0,
      "85": 0,
      "86": 0,
      "87": 0,
      "88": 0,
      "89": 0,
      "90": 0,
      "91": 0,
      "92": 0,
      "93": 0,
      "94": 0,
      "95": 0,
      "96": 0,
      "97": 0,
      "98": 0,
      "99": 0,
      "100": 0,
      "101": 0,
      "102": 0
    },
    "branchMap": {
      "0": {
        "type": "branch",
        "line": 1,
        "loc": { "start": { "line": 1, "column": 0 }, "end": { "line": 103, "column": 1 } },
        "locations": [{ "start": { "line": 1, "column": 0 }, "end": { "line": 103, "column": 1 } }]
      }
    },
    "b": { "0": [0] },
    "fnMap": {
      "0": {
        "name": "(empty-report)",
        "decl": { "start": { "line": 1, "column": 0 }, "end": { "line": 103, "column": 1 } },
        "loc": { "start": { "line": 1, "column": 0 }, "end": { "line": 103, "column": 1 } },
        "line": 1
      }
    },
    "f": { "0": 0 }
  },
  "/Users/quanle/Workspace/personal/code-review-action/src/core/index.ts": {
    "path": "/Users/quanle/Workspace/personal/code-review-action/src/core/index.ts",
    "all": true,
    "statementMap": {
      "0": { "start": { "line": 1, "column": 0 }, "end": { "line": 1, "column": 27 } },
      "1": { "start": { "line": 2, "column": 0 }, "end": { "line": 2, "column": 54 } }
    },
    "s": { "0": 0, "1": 0 },
    "branchMap": {
      "0": {
        "type": "branch",
        "line": 1,
        "loc": { "start": { "line": 1, "column": 0 }, "end": { "line": 2, "column": 54 } },
        "locations": [{ "start": { "line": 1, "column": 0 }, "end": { "line": 2, "column": 54 } }]
      }
    },
    "b": { "0": [0] },
    "fnMap": {
      "0": {
        "name": "(empty-report)",
        "decl": { "start": { "line": 1, "column": 0 }, "end": { "line": 2, "column": 54 } },
        "loc": { "start": { "line": 1, "column": 0 }, "end": { "line": 2, "column": 54 } },
        "line": 1
      }
    },
    "f": { "0": 0 }
  },
  "/Users/quanle/Workspace/personal/code-review-action/src/github/github-client.ts": {
    "path": "/Users/quanle/Workspace/personal/code-review-action/src/github/github-client.ts",
    "all": true,
    "statementMap": {
      "0": { "start": { "line": 1, "column": 0 }, "end": { "line": 1, "column": 38 } },
      "1": { "start": { "line": 2, "column": 0 }, "end": { "line": 2, "column": 42 } },
      "2": { "start": { "line": 3, "column": 0 }, "end": { "line": 3, "column": 34 } },
      "3": { "start": { "line": 4, "column": 0 }, "end": { "line": 4, "column": 0 } },
      "4": { "start": { "line": 5, "column": 0 }, "end": { "line": 5, "column": 35 } },
      "5": { "start": { "line": 6, "column": 0 }, "end": { "line": 6, "column": 16 } },
      "6": { "start": { "line": 7, "column": 0 }, "end": { "line": 7, "column": 15 } },
      "7": { "start": { "line": 8, "column": 0 }, "end": { "line": 8, "column": 1 } },
      "8": { "start": { "line": 9, "column": 0 }, "end": { "line": 9, "column": 0 } },
      "9": { "start": { "line": 10, "column": 0 }, "end": { "line": 10, "column": 34 } },
      "10": { "start": { "line": 11, "column": 0 }, "end": { "line": 11, "column": 13 } },
      "11": { "start": { "line": 12, "column": 0 }, "end": { "line": 12, "column": 19 } },
      "12": { "start": { "line": 13, "column": 0 }, "end": { "line": 13, "column": 1 } },
      "13": { "start": { "line": 14, "column": 0 }, "end": { "line": 14, "column": 0 } },
      "14": { "start": { "line": 15, "column": 0 }, "end": { "line": 15, "column": 3 } },
      "15": { "start": { "line": 16, "column": 0 }, "end": { "line": 16, "column": 42 } },
      "16": { "start": { "line": 17, "column": 0 }, "end": { "line": 17, "column": 49 } },
      "17": { "start": { "line": 18, "column": 0 }, "end": { "line": 18, "column": 3 } },
      "18": { "start": { "line": 19, "column": 0 }, "end": { "line": 19, "column": 27 } },
      "19": { "start": { "line": 20, "column": 0 }, "end": { "line": 20, "column": 56 } },
      "20": { "start": { "line": 21, "column": 0 }, "end": { "line": 21, "column": 37 } },
      "21": { "start": { "line": 22, "column": 0 }, "end": { "line": 22, "column": 0 } },
      "22": { "start": { "line": 23, "column": 0 }, "end": { "line": 23, "column": 43 } },
      "23": { "start": { "line": 24, "column": 0 }, "end": { "line": 24, "column": 62 } },
      "24": { "start": { "line": 25, "column": 0 }, "end": { "line": 25, "column": 29 } },
      "25": { "start": { "line": 26, "column": 0 }, "end": { "line": 26, "column": 3 } },
      "26": { "start": { "line": 27, "column": 0 }, "end": { "line": 27, "column": 0 } },
      "27": { "start": { "line": 28, "column": 0 }, "end": { "line": 28, "column": 5 } },
      "28": { "start": { "line": 29, "column": 0 }, "end": { "line": 29, "column": 64 } },
      "29": { "start": { "line": 30, "column": 0 }, "end": { "line": 30, "column": 5 } },
      "30": { "start": { "line": 31, "column": 0 }, "end": { "line": 31, "column": 49 } },
      "31": { "start": { "line": 32, "column": 0 }, "end": { "line": 32, "column": 9 } },
      "32": { "start": { "line": 33, "column": 0 }, "end": { "line": 33, "column": 41 } },
      "33": { "start": { "line": 34, "column": 0 }, "end": { "line": 34, "column": 35 } },
      "34": { "start": { "line": 35, "column": 0 }, "end": { "line": 35, "column": 33 } },
      "35": { "start": { "line": 36, "column": 0 }, "end": { "line": 36, "column": 9 } },
      "36": { "start": { "line": 37, "column": 0 }, "end": { "line": 37, "column": 18 } },
      "37": { "start": { "line": 38, "column": 0 }, "end": { "line": 38, "column": 21 } },
      "38": { "start": { "line": 39, "column": 0 }, "end": { "line": 39, "column": 84 } },
      "39": { "start": { "line": 40, "column": 0 }, "end": { "line": 40, "column": 68 } },
      "40": { "start": { "line": 41, "column": 0 }, "end": { "line": 41, "column": 19 } },
      "41": { "start": { "line": 42, "column": 0 }, "end": { "line": 42, "column": 5 } },
      "42": { "start": { "line": 43, "column": 0 }, "end": { "line": 43, "column": 3 } },
      "43": { "start": { "line": 44, "column": 0 }, "end": { "line": 44, "column": 0 } },
      "44": { "start": { "line": 45, "column": 0 }, "end": { "line": 45, "column": 5 } },
      "45": { "start": { "line": 46, "column": 0 }, "end": { "line": 46, "column": 48 } },
      "46": { "start": { "line": 47, "column": 0 }, "end": { "line": 47, "column": 5 } },
      "47": { "start": { "line": 48, "column": 0 }, "end": { "line": 48, "column": 63 } },
      "48": { "start": { "line": 49, "column": 0 }, "end": { "line": 49, "column": 69 } },
      "49": { "start": { "line": 50, "column": 0 }, "end": { "line": 50, "column": 33 } },
      "50": { "start": { "line": 51, "column": 0 }, "end": { "line": 51, "column": 31 } },
      "51": { "start": { "line": 52, "column": 0 }, "end": { "line": 52, "column": 28 } },
      "52": { "start": { "line": 53, "column": 0 }, "end": { "line": 53, "column": 20 } },
      "53": { "start": { "line": 54, "column": 0 }, "end": { "line": 54, "column": 7 } },
      "54": { "start": { "line": 55, "column": 0 }, "end": { "line": 55, "column": 0 } },
      "55": { "start": { "line": 56, "column": 0 }, "end": { "line": 56, "column": 17 } },
      "56": { "start": { "line": 57, "column": 0 }, "end": { "line": 57, "column": 3 } },
      "57": { "start": { "line": 58, "column": 0 }, "end": { "line": 58, "column": 0 } },
      "58": { "start": { "line": 59, "column": 0 }, "end": { "line": 59, "column": 5 } },
      "59": { "start": { "line": 60, "column": 0 }, "end": { "line": 60, "column": 60 } },
      "60": { "start": { "line": 61, "column": 0 }, "end": { "line": 61, "column": 5 } },
      "61": { "start": { "line": 62, "column": 0 }, "end": { "line": 62, "column": 84 } },
      "62": { "start": { "line": 63, "column": 0 }, "end": { "line": 63, "column": 40 } },
      "63": { "start": { "line": 64, "column": 0 }, "end": { "line": 64, "column": 60 } },
      "64": { "start": { "line": 65, "column": 0 }, "end": { "line": 65, "column": 26 } },
      "65": { "start": { "line": 66, "column": 0 }, "end": { "line": 66, "column": 19 } },
      "66": { "start": { "line": 67, "column": 0 }, "end": { "line": 67, "column": 95 } },
      "67": { "start": { "line": 68, "column": 0 }, "end": { "line": 68, "column": 8 } },
      "68": { "start": { "line": 69, "column": 0 }, "end": { "line": 69, "column": 5 } },
      "69": { "start": { "line": 70, "column": 0 }, "end": { "line": 70, "column": 0 } },
      "70": { "start": { "line": 71, "column": 0 }, "end": { "line": 71, "column": 24 } },
      "71": { "start": { "line": 72, "column": 0 }, "end": { "line": 72, "column": 9 } },
      "72": { "start": { "line": 73, "column": 0 }, "end": { "line": 73, "column": 62 } },
      "73": { "start": { "line": 74, "column": 0 }, "end": { "line": 74, "column": 61 } },
      "74": { "start": { "line": 75, "column": 0 }, "end": { "line": 75, "column": 37 } },
      "75": { "start": { "line": 76, "column": 0 }, "end": { "line": 76, "column": 35 } },
      "76": { "start": { "line": 77, "column": 0 }, "end": { "line": 77, "column": 36 } },
      "77": { "start": { "line": 78, "column": 0 }, "end": { "line": 78, "column": 15 } },
      "78": { "start": { "line": 79, "column": 0 }, "end": { "line": 79, "column": 11 } },
      "79": { "start": { "line": 80, "column": 0 }, "end": { "line": 80, "column": 9 } },
      "80": { "start": { "line": 81, "column": 0 }, "end": { "line": 81, "column": 0 } },
      "81": { "start": { "line": 82, "column": 0 }, "end": { "line": 82, "column": 61 } },
      "82": { "start": { "line": 83, "column": 0 }, "end": { "line": 83, "column": 14 } },
      "83": { "start": { "line": 84, "column": 0 }, "end": { "line": 84, "column": 29 } },
      "84": { "start": { "line": 85, "column": 0 }, "end": { "line": 85, "column": 41 } },
      "85": { "start": { "line": 86, "column": 0 }, "end": { "line": 86, "column": 8 } },
      "86": { "start": { "line": 87, "column": 0 }, "end": { "line": 87, "column": 21 } },
      "87": { "start": { "line": 88, "column": 0 }, "end": { "line": 88, "column": 84 } },
      "88": { "start": { "line": 89, "column": 0 }, "end": { "line": 89, "column": 54 } },
      "89": { "start": { "line": 90, "column": 0 }, "end": { "line": 90, "column": 0 } },
      "90": { "start": { "line": 91, "column": 0 }, "end": { "line": 91, "column": 41 } },
      "91": { "start": { "line": 92, "column": 0 }, "end": { "line": 92, "column": 49 } },
      "92": { "start": { "line": 93, "column": 0 }, "end": { "line": 93, "column": 54 } },
      "93": { "start": { "line": 94, "column": 0 }, "end": { "line": 94, "column": 0 } },
      "94": { "start": { "line": 95, "column": 0 }, "end": { "line": 95, "column": 13 } },
      "95": { "start": { "line": 96, "column": 0 }, "end": { "line": 96, "column": 66 } },
      "96": { "start": { "line": 97, "column": 0 }, "end": { "line": 97, "column": 72 } },
      "97": { "start": { "line": 98, "column": 0 }, "end": { "line": 98, "column": 13 } },
      "98": { "start": { "line": 99, "column": 0 }, "end": { "line": 99, "column": 0 } },
      "99": { "start": { "line": 100, "column": 0 }, "end": { "line": 100, "column": 70 } },
      "100": { "start": { "line": 101, "column": 0 }, "end": { "line": 101, "column": 26 } },
      "101": { "start": { "line": 102, "column": 0 }, "end": { "line": 102, "column": 33 } },
      "102": { "start": { "line": 103, "column": 0 }, "end": { "line": 103, "column": 33 } },
      "103": { "start": { "line": 104, "column": 0 }, "end": { "line": 104, "column": 85 } },
      "104": { "start": { "line": 105, "column": 0 }, "end": { "line": 105, "column": 69 } },
      "105": { "start": { "line": 106, "column": 0 }, "end": { "line": 106, "column": 0 } },
      "106": { "start": { "line": 107, "column": 0 }, "end": { "line": 107, "column": 57 } },
      "107": { "start": { "line": 108, "column": 0 }, "end": { "line": 108, "column": 91 } },
      "108": { "start": { "line": 109, "column": 0 }, "end": { "line": 109, "column": 9 } },
      "109": { "start": { "line": 110, "column": 0 }, "end": { "line": 110, "column": 7 } },
      "110": { "start": { "line": 111, "column": 0 }, "end": { "line": 111, "column": 0 } },
      "111": { "start": { "line": 112, "column": 0 }, "end": { "line": 112, "column": 58 } },
      "112": { "start": { "line": 113, "column": 0 }, "end": { "line": 113, "column": 67 } },
      "113": { "start": { "line": 114, "column": 0 }, "end": { "line": 114, "column": 5 } },
      "114": { "start": { "line": 115, "column": 0 }, "end": { "line": 115, "column": 3 } },
      "115": { "start": { "line": 116, "column": 0 }, "end": { "line": 116, "column": 0 } },
      "116": { "start": { "line": 117, "column": 0 }, "end": { "line": 117, "column": 5 } },
      "117": { "start": { "line": 118, "column": 0 }, "end": { "line": 118, "column": 48 } },
      "118": { "start": { "line": 119, "column": 0 }, "end": { "line": 119, "column": 5 } },
      "119": { "start": { "line": 120, "column": 0 }, "end": { "line": 120, "column": 39 } },
      "120": { "start": { "line": 121, "column": 0 }, "end": { "line": 121, "column": 24 } },
      "121": { "start": { "line": 122, "column": 0 }, "end": { "line": 122, "column": 17 } },
      "122": { "start": { "line": 123, "column": 0 }, "end": { "line": 123, "column": 31 } },
      "123": { "start": { "line": 124, "column": 0 }, "end": { "line": 124, "column": 42 } },
      "124": { "start": { "line": 125, "column": 0 }, "end": { "line": 125, "column": 123 } },
      "125": { "start": { "line": 126, "column": 0 }, "end": { "line": 126, "column": 0 } },
      "126": { "start": { "line": 127, "column": 0 }, "end": { "line": 127, "column": 40 } },
      "127": { "start": { "line": 128, "column": 0 }, "end": { "line": 128, "column": 62 } },
      "128": { "start": { "line": 129, "column": 0 }, "end": { "line": 129, "column": 0 } },
      "129": { "start": { "line": 130, "column": 0 }, "end": { "line": 130, "column": 39 } },
      "130": { "start": { "line": 131, "column": 0 }, "end": { "line": 131, "column": 21 } },
      "131": { "start": { "line": 132, "column": 0 }, "end": { "line": 132, "column": 16 } },
      "132": { "start": { "line": 133, "column": 0 }, "end": { "line": 133, "column": 46 } },
      "133": { "start": { "line": 134, "column": 0 }, "end": { "line": 134, "column": 41 } },
      "134": { "start": { "line": 135, "column": 0 }, "end": { "line": 135, "column": 45 } },
      "135": { "start": { "line": 136, "column": 0 }, "end": { "line": 136, "column": 43 } },
      "136": { "start": { "line": 137, "column": 0 }, "end": { "line": 137, "column": 50 } },
      "137": { "start": { "line": 138, "column": 0 }, "end": { "line": 138, "column": 8 } },
      "138": { "start": { "line": 139, "column": 0 }, "end": { "line": 139, "column": 37 } },
      "139": { "start": { "line": 140, "column": 0 }, "end": { "line": 140, "column": 7 } },
      "140": { "start": { "line": 141, "column": 0 }, "end": { "line": 141, "column": 0 } },
      "141": { "start": { "line": 142, "column": 0 }, "end": { "line": 142, "column": 23 } },
      "142": { "start": { "line": 143, "column": 0 }, "end": { "line": 143, "column": 42 } },
      "143": { "start": { "line": 144, "column": 0 }, "end": { "line": 144, "column": 5 } },
      "144": { "start": { "line": 145, "column": 0 }, "end": { "line": 145, "column": 0 } },
      "145": { "start": { "line": 146, "column": 0 }, "end": { "line": 146, "column": 62 } },
      "146": { "start": { "line": 147, "column": 0 }, "end": { "line": 147, "column": 71 } },
      "147": { "start": { "line": 148, "column": 0 }, "end": { "line": 148, "column": 50 } },
      "148": { "start": { "line": 149, "column": 0 }, "end": { "line": 149, "column": 0 } },
      "149": { "start": { "line": 150, "column": 0 }, "end": { "line": 150, "column": 18 } },
      "150": { "start": { "line": 151, "column": 0 }, "end": { "line": 151, "column": 3 } },
      "151": { "start": { "line": 152, "column": 0 }, "end": { "line": 152, "column": 0 } },
      "152": { "start": { "line": 153, "column": 0 }, "end": { "line": 153, "column": 5 } },
      "153": { "start": { "line": 154, "column": 0 }, "end": { "line": 154, "column": 60 } },
      "154": { "start": { "line": 155, "column": 0 }, "end": { "line": 155, "column": 5 } },
      "155": { "start": { "line": 156, "column": 0 }, "end": { "line": 156, "column": 68 } },
      "156": { "start": { "line": 157, "column": 0 }, "end": { "line": 157, "column": 26 } },
      "157": { "start": { "line": 158, "column": 0 }, "end": { "line": 158, "column": 28 } },
      "158": { "start": { "line": 159, "column": 0 }, "end": { "line": 159, "column": 0 } },
      "159": { "start": { "line": 160, "column": 0 }, "end": { "line": 160, "column": 9 } },
      "160": { "start": { "line": 161, "column": 0 }, "end": { "line": 161, "column": 40 } },
      "161": { "start": { "line": 162, "column": 0 }, "end": { "line": 162, "column": 40 } },
      "162": { "start": { "line": 163, "column": 0 }, "end": { "line": 163, "column": 13 } },
      "163": { "start": { "line": 164, "column": 0 }, "end": { "line": 164, "column": 67 } },
      "164": { "start": { "line": 165, "column": 0 }, "end": { "line": 165, "column": 5 } },
      "165": { "start": { "line": 166, "column": 0 }, "end": { "line": 166, "column": 0 } },
      "166": { "start": { "line": 167, "column": 0 }, "end": { "line": 167, "column": 81 } },
      "167": { "start": { "line": 168, "column": 0 }, "end": { "line": 168, "column": 46 } },
      "168": { "start": { "line": 169, "column": 0 }, "end": { "line": 169, "column": 0 } },
      "169": { "start": { "line": 170, "column": 0 }, "end": { "line": 170, "column": 59 } },
      "170": { "start": { "line": 171, "column": 0 }, "end": { "line": 171, "column": 30 } },
      "171": { "start": { "line": 172, "column": 0 }, "end": { "line": 172, "column": 15 } },
      "172": { "start": { "line": 173, "column": 0 }, "end": { "line": 173, "column": 24 } },
      "173": { "start": { "line": 174, "column": 0 }, "end": { "line": 174, "column": 107 } },
      "174": { "start": { "line": 175, "column": 0 }, "end": { "line": 175, "column": 10 } },
      "175": { "start": { "line": 176, "column": 0 }, "end": { "line": 176, "column": 15 } },
      "176": { "start": { "line": 177, "column": 0 }, "end": { "line": 177, "column": 84 } },
      "177": { "start": { "line": 178, "column": 0 }, "end": { "line": 178, "column": 26 } },
      "178": { "start": { "line": 179, "column": 0 }, "end": { "line": 179, "column": 158 } },
      "179": { "start": { "line": 180, "column": 0 }, "end": { "line": 180, "column": 12 } },
      "180": { "start": { "line": 181, "column": 0 }, "end": { "line": 181, "column": 9 } },
      "181": { "start": { "line": 182, "column": 0 }, "end": { "line": 182, "column": 96 } },
      "182": { "start": { "line": 183, "column": 0 }, "end": { "line": 183, "column": 15 } },
      "183": { "start": { "line": 184, "column": 0 }, "end": { "line": 184, "column": 24 } },
      "184": { "start": { "line": 185, "column": 0 }, "end": { "line": 185, "column": 133 } },
      "185": { "start": { "line": 186, "column": 0 }, "end": { "line": 186, "column": 10 } },
      "186": { "start": { "line": 187, "column": 0 }, "end": { "line": 187, "column": 15 } },
      "187": { "start": { "line": 188, "column": 0 }, "end": { "line": 188, "column": 93 } },
      "188": { "start": { "line": 189, "column": 0 }, "end": { "line": 189, "column": 14 } },
      "189": { "start": { "line": 190, "column": 0 }, "end": { "line": 190, "column": 98 } },
      "190": { "start": { "line": 191, "column": 0 }, "end": { "line": 191, "column": 5 } },
      "191": { "start": { "line": 192, "column": 0 }, "end": { "line": 192, "column": 3 } },
      "192": { "start": { "line": 193, "column": 0 }, "end": { "line": 193, "column": 0 } },
      "193": { "start": { "line": 194, "column": 0 }, "end": { "line": 194, "column": 5 } },
      "194": { "start": { "line": 195, "column": 0 }, "end": { "line": 195, "column": 59 } },
      "195": { "start": { "line": 196, "column": 0 }, "end": { "line": 196, "column": 5 } },
      "196": { "start": { "line": 197, "column": 0 }, "end": { "line": 197, "column": 60 } },
      "197": { "start": { "line": 198, "column": 0 }, "end": { "line": 198, "column": 34 } },
      "198": { "start": { "line": 199, "column": 0 }, "end": { "line": 199, "column": 47 } },
      "199": { "start": { "line": 200, "column": 0 }, "end": { "line": 200, "column": 24 } },
      "200": { "start": { "line": 201, "column": 0 }, "end": { "line": 201, "column": 18 } },
      "201": { "start": { "line": 202, "column": 0 }, "end": { "line": 202, "column": 33 } },
      "202": { "start": { "line": 203, "column": 0 }, "end": { "line": 203, "column": 32 } },
      "203": { "start": { "line": 204, "column": 0 }, "end": { "line": 204, "column": 12 } },
      "204": { "start": { "line": 205, "column": 0 }, "end": { "line": 205, "column": 12 } },
      "205": { "start": { "line": 206, "column": 0 }, "end": { "line": 206, "column": 12 } },
      "206": { "start": { "line": 207, "column": 0 }, "end": { "line": 207, "column": 6 } },
      "207": { "start": { "line": 208, "column": 0 }, "end": { "line": 208, "column": 0 } },
      "208": { "start": { "line": 209, "column": 0 }, "end": { "line": 209, "column": 49 } },
      "209": { "start": { "line": 210, "column": 0 }, "end": { "line": 210, "column": 67 } },
      "210": { "start": { "line": 211, "column": 0 }, "end": { "line": 211, "column": 6 } },
      "211": { "start": { "line": 212, "column": 0 }, "end": { "line": 212, "column": 3 } },
      "212": { "start": { "line": 213, "column": 0 }, "end": { "line": 213, "column": 0 } },
      "213": { "start": { "line": 214, "column": 0 }, "end": { "line": 214, "column": 5 } },
      "214": { "start": { "line": 215, "column": 0 }, "end": { "line": 215, "column": 44 } },
      "215": { "start": { "line": 216, "column": 0 }, "end": { "line": 216, "column": 5 } },
      "216": { "start": { "line": 217, "column": 0 }, "end": { "line": 217, "column": 62 } },
      "217": { "start": { "line": 218, "column": 0 }, "end": { "line": 218, "column": 36 } },
      "218": { "start": { "line": 219, "column": 0 }, "end": { "line": 219, "column": 24 } },
      "219": { "start": { "line": 220, "column": 0 }, "end": { "line": 220, "column": 22 } },
      "220": { "start": { "line": 221, "column": 0 }, "end": { "line": 221, "column": 18 } },
      "221": { "start": { "line": 222, "column": 0 }, "end": { "line": 222, "column": 47 } },
      "222": { "start": { "line": 223, "column": 0 }, "end": { "line": 223, "column": 26 } },
      "223": { "start": { "line": 224, "column": 0 }, "end": { "line": 224, "column": 12 } },
      "224": { "start": { "line": 225, "column": 0 }, "end": { "line": 225, "column": 12 } },
      "225": { "start": { "line": 226, "column": 0 }, "end": { "line": 226, "column": 12 } },
      "226": { "start": { "line": 227, "column": 0 }, "end": { "line": 227, "column": 6 } },
      "227": { "start": { "line": 228, "column": 0 }, "end": { "line": 228, "column": 0 } },
      "228": { "start": { "line": 229, "column": 0 }, "end": { "line": 229, "column": 51 } },
      "229": { "start": { "line": 230, "column": 0 }, "end": { "line": 230, "column": 67 } },
      "230": { "start": { "line": 231, "column": 0 }, "end": { "line": 231, "column": 6 } },
      "231": { "start": { "line": 232, "column": 0 }, "end": { "line": 232, "column": 3 } },
      "232": { "start": { "line": 233, "column": 0 }, "end": { "line": 233, "column": 0 } },
      "233": { "start": { "line": 234, "column": 0 }, "end": { "line": 234, "column": 5 } },
      "234": { "start": { "line": 235, "column": 0 }, "end": { "line": 235, "column": 48 } },
      "235": { "start": { "line": 236, "column": 0 }, "end": { "line": 236, "column": 5 } },
      "236": { "start": { "line": 237, "column": 0 }, "end": { "line": 237, "column": 34 } },
      "237": { "start": { "line": 238, "column": 0 }, "end": { "line": 238, "column": 32 } },
      "238": { "start": { "line": 239, "column": 0 }, "end": { "line": 239, "column": 27 } },
      "239": { "start": { "line": 240, "column": 0 }, "end": { "line": 240, "column": 29 } },
      "240": { "start": { "line": 241, "column": 0 }, "end": { "line": 241, "column": 17 } },
      "241": { "start": { "line": 242, "column": 0 }, "end": { "line": 242, "column": 25 } },
      "242": { "start": { "line": 243, "column": 0 }, "end": { "line": 243, "column": 0 } },
      "243": { "start": { "line": 244, "column": 0 }, "end": { "line": 244, "column": 61 } },
      "244": { "start": { "line": 245, "column": 0 }, "end": { "line": 245, "column": 11 } },
      "245": { "start": { "line": 246, "column": 0 }, "end": { "line": 246, "column": 33 } },
      "246": { "start": { "line": 247, "column": 0 }, "end": { "line": 247, "column": 23 } },
      "247": { "start": { "line": 248, "column": 0 }, "end": { "line": 248, "column": 80 } },
      "248": { "start": { "line": 249, "column": 0 }, "end": { "line": 249, "column": 0 } },
      "249": { "start": { "line": 250, "column": 0 }, "end": { "line": 250, "column": 37 } },
      "250": { "start": { "line": 251, "column": 0 }, "end": { "line": 251, "column": 26 } },
      "251": { "start": { "line": 252, "column": 0 }, "end": { "line": 252, "column": 9 } },
      "252": { "start": { "line": 253, "column": 0 }, "end": { "line": 253, "column": 0 } },
      "253": { "start": { "line": 254, "column": 0 }, "end": { "line": 254, "column": 37 } },
      "254": { "start": { "line": 255, "column": 0 }, "end": { "line": 255, "column": 58 } },
      "255": { "start": { "line": 256, "column": 0 }, "end": { "line": 256, "column": 26 } },
      "256": { "start": { "line": 257, "column": 0 }, "end": { "line": 257, "column": 9 } },
      "257": { "start": { "line": 258, "column": 0 }, "end": { "line": 258, "column": 0 } },
      "258": { "start": { "line": 259, "column": 0 }, "end": { "line": 259, "column": 82 } },
      "259": { "start": { "line": 260, "column": 0 }, "end": { "line": 260, "column": 21 } },
      "260": { "start": { "line": 261, "column": 0 }, "end": { "line": 261, "column": 101 } },
      "261": { "start": { "line": 262, "column": 0 }, "end": { "line": 262, "column": 10 } },
      "262": { "start": { "line": 263, "column": 0 }, "end": { "line": 263, "column": 32 } },
      "263": { "start": { "line": 264, "column": 0 }, "end": { "line": 264, "column": 7 } },
      "264": { "start": { "line": 265, "column": 0 }, "end": { "line": 265, "column": 5 } },
      "265": { "start": { "line": 266, "column": 0 }, "end": { "line": 266, "column": 0 } },
      "266": { "start": { "line": 267, "column": 0 }, "end": { "line": 267, "column": 21 } },
      "267": { "start": { "line": 268, "column": 0 }, "end": { "line": 268, "column": 3 } },
      "268": { "start": { "line": 269, "column": 0 }, "end": { "line": 269, "column": 0 } },
      "269": { "start": { "line": 270, "column": 0 }, "end": { "line": 270, "column": 5 } },
      "270": { "start": { "line": 271, "column": 0 }, "end": { "line": 271, "column": 57 } },
      "271": { "start": { "line": 272, "column": 0 }, "end": { "line": 272, "column": 5 } },
      "272": { "start": { "line": 273, "column": 0 }, "end": { "line": 273, "column": 89 } },
      "273": { "start": { "line": 274, "column": 0 }, "end": { "line": 274, "column": 73 } },
      "274": { "start": { "line": 275, "column": 0 }, "end": { "line": 275, "column": 0 } },
      "275": { "start": { "line": 276, "column": 0 }, "end": { "line": 276, "column": 30 } },
      "276": { "start": { "line": 277, "column": 0 }, "end": { "line": 277, "column": 33 } },
      "277": { "start": { "line": 278, "column": 0 }, "end": { "line": 278, "column": 0 } },
      "278": { "start": { "line": 279, "column": 0 }, "end": { "line": 279, "column": 77 } },
      "279": { "start": { "line": 280, "column": 0 }, "end": { "line": 280, "column": 0 } },
      "280": { "start": { "line": 281, "column": 0 }, "end": { "line": 281, "column": 36 } },
      "281": { "start": { "line": 282, "column": 0 }, "end": { "line": 282, "column": 41 } },
      "282": { "start": { "line": 283, "column": 0 }, "end": { "line": 283, "column": 13 } },
      "283": { "start": { "line": 284, "column": 0 }, "end": { "line": 284, "column": 15 } },
      "284": { "start": { "line": 285, "column": 0 }, "end": { "line": 285, "column": 18 } },
      "285": { "start": { "line": 286, "column": 0 }, "end": { "line": 286, "column": 25 } },
      "286": { "start": { "line": 287, "column": 0 }, "end": { "line": 287, "column": 19 } },
      "287": { "start": { "line": 288, "column": 0 }, "end": { "line": 288, "column": 9 } },
      "288": { "start": { "line": 289, "column": 0 }, "end": { "line": 289, "column": 0 } },
      "289": { "start": { "line": 290, "column": 0 }, "end": { "line": 290, "column": 34 } },
      "290": { "start": { "line": 291, "column": 0 }, "end": { "line": 291, "column": 38 } },
      "291": { "start": { "line": 292, "column": 0 }, "end": { "line": 292, "column": 63 } },
      "292": { "start": { "line": 293, "column": 0 }, "end": { "line": 293, "column": 45 } },
      "293": { "start": { "line": 294, "column": 0 }, "end": { "line": 294, "column": 0 } },
      "294": { "start": { "line": 295, "column": 0 }, "end": { "line": 295, "column": 23 } },
      "295": { "start": { "line": 296, "column": 0 }, "end": { "line": 296, "column": 40 } },
      "296": { "start": { "line": 297, "column": 0 }, "end": { "line": 297, "column": 18 } },
      "297": { "start": { "line": 298, "column": 0 }, "end": { "line": 298, "column": 25 } },
      "298": { "start": { "line": 299, "column": 0 }, "end": { "line": 299, "column": 0 } },
      "299": { "start": { "line": 300, "column": 0 }, "end": { "line": 300, "column": 33 } },
      "300": { "start": { "line": 301, "column": 0 }, "end": { "line": 301, "column": 51 } },
      "301": { "start": { "line": 302, "column": 0 }, "end": { "line": 302, "column": 44 } },
      "302": { "start": { "line": 303, "column": 0 }, "end": { "line": 303, "column": 60 } },
      "303": { "start": { "line": 304, "column": 0 }, "end": { "line": 304, "column": 0 } },
      "304": { "start": { "line": 305, "column": 0 }, "end": { "line": 305, "column": 139 } },
      "305": { "start": { "line": 306, "column": 0 }, "end": { "line": 306, "column": 3 } },
      "306": { "start": { "line": 307, "column": 0 }, "end": { "line": 307, "column": 0 } },
      "307": { "start": { "line": 308, "column": 0 }, "end": { "line": 308, "column": 5 } },
      "308": { "start": { "line": 309, "column": 0 }, "end": { "line": 309, "column": 27 } },
      "309": { "start": { "line": 310, "column": 0 }, "end": { "line": 310, "column": 5 } },
      "310": { "start": { "line": 311, "column": 0 }, "end": { "line": 311, "column": 44 } },
      "311": { "start": { "line": 312, "column": 0 }, "end": { "line": 312, "column": 59 } },
      "312": { "start": { "line": 313, "column": 0 }, "end": { "line": 313, "column": 3 } },
      "313": { "start": { "line": 314, "column": 0 }, "end": { "line": 314, "column": 1 } }
    },
    "s": {
      "0": 0,
      "1": 0,
      "2": 0,
      "3": 0,
      "4": 0,
      "5": 0,
      "6": 0,
      "7": 0,
      "8": 0,
      "9": 0,
      "10": 0,
      "11": 0,
      "12": 0,
      "13": 0,
      "14": 0,
      "15": 0,
      "16": 0,
      "17": 0,
      "18": 0,
      "19": 0,
      "20": 0,
      "21": 0,
      "22": 0,
      "23": 0,
      "24": 0,
      "25": 0,
      "26": 0,
      "27": 0,
      "28": 0,
      "29": 0,
      "30": 0,
      "31": 0,
      "32": 0,
      "33": 0,
      "34": 0,
      "35": 0,
      "36": 0,
      "37": 0,
      "38": 0,
      "39": 0,
      "40": 0,
      "41": 0,
      "42": 0,
      "43": 0,
      "44": 0,
      "45": 0,
      "46": 0,
      "47": 0,
      "48": 0,
      "49": 0,
      "50": 0,
      "51": 0,
      "52": 0,
      "53": 0,
      "54": 0,
      "55": 0,
      "56": 0,
      "57": 0,
      "58": 0,
      "59": 0,
      "60": 0,
      "61": 0,
      "62": 0,
      "63": 0,
      "64": 0,
      "65": 0,
      "66": 0,
      "67": 0,
      "68": 0,
      "69": 0,
      "70": 0,
      "71": 0,
      "72": 0,
      "73": 0,
      "74": 0,
      "75": 0,
      "76": 0,
      "77": 0,
      "78": 0,
      "79": 0,
      "80": 0,
      "81": 0,
      "82": 0,
      "83": 0,
      "84": 0,
      "85": 0,
      "86": 0,
      "87": 0,
      "88": 0,
      "89": 0,
      "90": 0,
      "91": 0,
      "92": 0,
      "93": 0,
      "94": 0,
      "95": 0,
      "96": 0,
      "97": 0,
      "98": 0,
      "99": 0,
      "100": 0,
      "101": 0,
      "102": 0,
      "103": 0,
      "104": 0,
      "105": 0,
      "106": 0,
      "107": 0,
      "108": 0,
      "109": 0,
      "110": 0,
      "111": 0,
      "112": 0,
      "113": 0,
      "114": 0,
      "115": 0,
      "116": 0,
      "117": 0,
      "118": 0,
      "119": 0,
      "120": 0,
      "121": 0,
      "122": 0,
      "123": 0,
      "124": 0,
      "125": 0,
      "126": 0,
      "127": 0,
      "128": 0,
      "129": 0,
      "130": 0,
      "131": 0,
      "132": 0,
      "133": 0,
      "134": 0,
      "135": 0,
      "136": 0,
      "137": 0,
      "138": 0,
      "139": 0,
      "140": 0,
      "141": 0,
      "142": 0,
      "143": 0,
      "144": 0,
      "145": 0,
      "146": 0,
      "147": 0,
      "148": 0,
      "149": 0,
      "150": 0,
      "151": 0,
      "152": 0,
      "153": 0,
      "154": 0,
      "155": 0,
      "156": 0,
      "157": 0,
      "158": 0,
      "159": 0,
      "160": 0,
      "161": 0,
      "162": 0,
      "163": 0,
      "164": 0,
      "165": 0,
      "166": 0,
      "167": 0,
      "168": 0,
      "169": 0,
      "170": 0,
      "171": 0,
      "172": 0,
      "173": 0,
      "174": 0,
      "175": 0,
      "176": 0,
      "177": 0,
      "178": 0,
      "179": 0,
      "180": 0,
      "181": 0,
      "182": 0,
      "183": 0,
      "184": 0,
      "185": 0,
      "186": 0,
      "187": 0,
      "188": 0,
      "189": 0,
      "190": 0,
      "191": 0,
      "192": 0,
      "193": 0,
      "194": 0,
      "195": 0,
      "196": 0,
      "197": 0,
      "198": 0,
      "199": 0,
      "200": 0,
      "201": 0,
      "202": 0,
      "203": 0,
      "204": 0,
      "205": 0,
      "206": 0,
      "207": 0,
      "208": 0,
      "209": 0,
      "210": 0,
      "211": 0,
      "212": 0,
      "213": 0,
      "214": 0,
      "215": 0,
      "216": 0,
      "217": 0,
      "218": 0,
      "219": 0,
      "220": 0,
      "221": 0,
      "222": 0,
      "223": 0,
      "224": 0,
      "225": 0,
      "226": 0,
      "227": 0,
      "228": 0,
      "229": 0,
      "230": 0,
      "231": 0,
      "232": 0,
      "233": 0,
      "234": 0,
      "235": 0,
      "236": 0,
      "237": 0,
      "238": 0,
      "239": 0,
      "240": 0,
      "241": 0,
      "242": 0,
      "243": 0,
      "244": 0,
      "245": 0,
      "246": 0,
      "247": 0,
      "248": 0,
      "249": 0,
      "250": 0,
      "251": 0,
      "252": 0,
      "253": 0,
      "254": 0,
      "255": 0,
      "256": 0,
      "257": 0,
      "258": 0,
      "259": 0,
      "260": 0,
      "261": 0,
      "262": 0,
      "263": 0,
      "264": 0,
      "265": 0,
      "266": 0,
      "267": 0,
      "268": 0,
      "269": 0,
      "270": 0,
      "271": 0,
      "272": 0,
      "273": 0,
      "274": 0,
      "275": 0,
      "276": 0,
      "277": 0,
      "278": 0,
      "279": 0,
      "280": 0,
      "281": 0,
      "282": 0,
      "283": 0,
      "284": 0,
      "285": 0,
      "286": 0,
      "287": 0,
      "288": 0,
      "289": 0,
      "290": 0,
      "291": 0,
      "292": 0,
      "293": 0,
      "294": 0,
      "295": 0,
      "296": 0,
      "297": 0,
      "298": 0,
      "299": 0,
      "300": 0,
      "301": 0,
      "302": 0,
      "303": 0,
      "304": 0,
      "305": 0,
      "306": 0,
      "307": 0,
      "308": 0,
      "309": 0,
      "310": 0,
      "311": 0,
      "312": 0,
      "313": 0
    },
    "branchMap": {
      "0": {
        "type": "branch",
        "line": 1,
        "loc": { "start": { "line": 1, "column": 0 }, "end": { "line": 314, "column": 1 } },
        "locations": [{ "start": { "line": 1, "column": 0 }, "end": { "line": 314, "column": 1 } }]
      }
    },
    "b": { "0": [0] },
    "fnMap": {
      "0": {
        "name": "(empty-report)",
        "decl": { "start": { "line": 1, "column": 0 }, "end": { "line": 314, "column": 1 } },
        "loc": { "start": { "line": 1, "column": 0 }, "end": { "line": 314, "column": 1 } },
        "line": 1
      }
    },
    "f": { "0": 0 }
  },
  "/Users/quanle/Workspace/personal/code-review-action/src/github/index.ts": {
    "path": "/Users/quanle/Workspace/personal/code-review-action/src/github/index.ts",
    "all": true,
    "statementMap": {
      "0": { "start": { "line": 1, "column": 0 }, "end": { "line": 1, "column": 25 } },
      "1": { "start": { "line": 2, "column": 0 }, "end": { "line": 2, "column": 82 } }
    },
    "s": { "0": 0, "1": 0 },
    "branchMap": {
      "0": {
        "type": "branch",
        "line": 1,
        "loc": { "start": { "line": 1, "column": 0 }, "end": { "line": 2, "column": 82 } },
        "locations": [{ "start": { "line": 1, "column": 0 }, "end": { "line": 2, "column": 82 } }]
      }
    },
    "b": { "0": [0] },
    "fnMap": {
      "0": {
        "name": "(empty-report)",
        "decl": { "start": { "line": 1, "column": 0 }, "end": { "line": 2, "column": 82 } },
        "loc": { "start": { "line": 1, "column": 0 }, "end": { "line": 2, "column": 82 } },
        "line": 1
      }
    },
    "f": { "0": 0 }
  },
  "/Users/quanle/Workspace/personal/code-review-action/src/providers/ai-provider.ts": {
    "path": "/Users/quanle/Workspace/personal/code-review-action/src/providers/ai-provider.ts",
    "all": true,
    "statementMap": {
      "0": { "start": { "line": 1, "column": 0 }, "end": { "line": 1, "column": 63 } },
      "1": { "start": { "line": 2, "column": 0 }, "end": { "line": 2, "column": 95 } }
    },
    "s": { "0": 0, "1": 0 },
    "branchMap": {
      "0": {
        "type": "branch",
        "line": 1,
        "loc": { "start": { "line": 1, "column": 0 }, "end": { "line": 2, "column": 95 } },
        "locations": [{ "start": { "line": 1, "column": 0 }, "end": { "line": 2, "column": 95 } }]
      }
    },
    "b": { "0": [0] },
    "fnMap": {
      "0": {
        "name": "(empty-report)",
        "decl": { "start": { "line": 1, "column": 0 }, "end": { "line": 2, "column": 95 } },
        "loc": { "start": { "line": 1, "column": 0 }, "end": { "line": 2, "column": 95 } },
        "line": 1
      }
    },
    "f": { "0": 0 }
  },
  "/Users/quanle/Workspace/personal/code-review-action/src/providers/gemini.ts": {
    "path": "/Users/quanle/Workspace/personal/code-review-action/src/providers/gemini.ts",
    "all": false,
    "statementMap": {
      "0": { "start": { "line": 1, "column": 0 }, "end": { "line": 1, "column": 8 } },
      "1": { "start": { "line": 2, "column": 0 }, "end": { "line": 2, "column": 21 } },
      "2": { "start": { "line": 3, "column": 0 }, "end": { "line": 3, "column": 18 } },
      "3": { "start": { "line": 4, "column": 0 }, "end": { "line": 4, "column": 15 } },
      "4": { "start": { "line": 5, "column": 0 }, "end": { "line": 5, "column": 21 } },
      "5": { "start": { "line": 6, "column": 0 }, "end": { "line": 6, "column": 31 } },
      "6": { "start": { "line": 7, "column": 0 }, "end": { "line": 7, "column": 83 } },
      "7": { "start": { "line": 8, "column": 0 }, "end": { "line": 8, "column": 0 } },
      "8": { "start": { "line": 9, "column": 0 }, "end": { "line": 9, "column": 50 } },
      "9": { "start": { "line": 10, "column": 0 }, "end": { "line": 10, "column": 39 } },
      "10": { "start": { "line": 11, "column": 0 }, "end": { "line": 11, "column": 36 } },
      "11": { "start": { "line": 12, "column": 0 }, "end": { "line": 12, "column": 43 } },
      "12": { "start": { "line": 13, "column": 0 }, "end": { "line": 13, "column": 0 } },
      "13": { "start": { "line": 14, "column": 0 }, "end": { "line": 14, "column": 31 } },
      "14": { "start": { "line": 15, "column": 0 }, "end": { "line": 15, "column": 18 } },
      "15": { "start": { "line": 16, "column": 0 }, "end": { "line": 16, "column": 0 } },
      "16": { "start": { "line": 17, "column": 0 }, "end": { "line": 17, "column": 9 } },
      "17": { "start": { "line": 18, "column": 0 }, "end": { "line": 18, "column": 50 } },
      "18": { "start": { "line": 19, "column": 0 }, "end": { "line": 19, "column": 60 } },
      "19": { "start": { "line": 20, "column": 0 }, "end": { "line": 20, "column": 26 } },
      "20": { "start": { "line": 21, "column": 0 }, "end": { "line": 21, "column": 27 } },
      "21": { "start": { "line": 22, "column": 0 }, "end": { "line": 22, "column": 27 } },
      "22": { "start": { "line": 23, "column": 0 }, "end": { "line": 23, "column": 19 } },
      "23": { "start": { "line": 24, "column": 0 }, "end": { "line": 24, "column": 20 } },
      "24": { "start": { "line": 25, "column": 0 }, "end": { "line": 25, "column": 32 } },
      "25": { "start": { "line": 26, "column": 0 }, "end": { "line": 26, "column": 10 } },
      "26": { "start": { "line": 27, "column": 0 }, "end": { "line": 27, "column": 25 } },
      "27": { "start": { "line": 28, "column": 0 }, "end": { "line": 28, "column": 11 } },
      "28": { "start": { "line": 29, "column": 0 }, "end": { "line": 29, "column": 61 } },
      "29": { "start": { "line": 30, "column": 0 }, "end": { "line": 30, "column": 53 } },
      "30": { "start": { "line": 31, "column": 0 }, "end": { "line": 31, "column": 12 } },
      "31": { "start": { "line": 32, "column": 0 }, "end": { "line": 32, "column": 11 } },
      "32": { "start": { "line": 33, "column": 0 }, "end": { "line": 33, "column": 67 } },
      "33": { "start": { "line": 34, "column": 0 }, "end": { "line": 34, "column": 53 } },
      "34": { "start": { "line": 35, "column": 0 }, "end": { "line": 35, "column": 12 } },
      "35": { "start": { "line": 36, "column": 0 }, "end": { "line": 36, "column": 11 } },
      "36": { "start": { "line": 37, "column": 0 }, "end": { "line": 37, "column": 67 } },
      "37": { "start": { "line": 38, "column": 0 }, "end": { "line": 38, "column": 53 } },
      "38": { "start": { "line": 39, "column": 0 }, "end": { "line": 39, "column": 12 } },
      "39": { "start": { "line": 40, "column": 0 }, "end": { "line": 40, "column": 11 } },
      "40": { "start": { "line": 41, "column": 0 }, "end": { "line": 41, "column": 60 } },
      "41": { "start": { "line": 42, "column": 0 }, "end": { "line": 42, "column": 53 } },
      "42": { "start": { "line": 43, "column": 0 }, "end": { "line": 43, "column": 12 } },
      "43": { "start": { "line": 44, "column": 0 }, "end": { "line": 44, "column": 10 } },
      "44": { "start": { "line": 45, "column": 0 }, "end": { "line": 45, "column": 9 } },
      "45": { "start": { "line": 46, "column": 0 }, "end": { "line": 46, "column": 21 } },
      "46": { "start": { "line": 47, "column": 0 }, "end": { "line": 47, "column": 30 } },
      "47": { "start": { "line": 48, "column": 0 }, "end": { "line": 48, "column": 108 } },
      "48": { "start": { "line": 49, "column": 0 }, "end": { "line": 49, "column": 17 } },
      "49": { "start": { "line": 50, "column": 0 }, "end": { "line": 50, "column": 18 } },
      "50": { "start": { "line": 51, "column": 0 }, "end": { "line": 51, "column": 51 } },
      "51": { "start": { "line": 52, "column": 0 }, "end": { "line": 52, "column": 8 } },
      "52": { "start": { "line": 53, "column": 0 }, "end": { "line": 53, "column": 5 } },
      "53": { "start": { "line": 54, "column": 0 }, "end": { "line": 54, "column": 3 } },
      "54": { "start": { "line": 55, "column": 0 }, "end": { "line": 55, "column": 0 } },
      "55": { "start": { "line": 56, "column": 0 }, "end": { "line": 56, "column": 15 } },
      "56": { "start": { "line": 57, "column": 0 }, "end": { "line": 57, "column": 25 } },
      "57": { "start": { "line": 58, "column": 0 }, "end": { "line": 58, "column": 27 } },
      "58": { "start": { "line": 59, "column": 0 }, "end": { "line": 59, "column": 30 } },
      "59": { "start": { "line": 60, "column": 0 }, "end": { "line": 60, "column": 28 } },
      "60": { "start": { "line": 61, "column": 0 }, "end": { "line": 61, "column": 33 } },
      "61": { "start": { "line": 62, "column": 0 }, "end": { "line": 62, "column": 19 } },
      "62": { "start": { "line": 63, "column": 0 }, "end": { "line": 63, "column": 48 } },
      "63": { "start": { "line": 64, "column": 0 }, "end": { "line": 64, "column": 0 } },
      "64": { "start": { "line": 65, "column": 0 }, "end": { "line": 65, "column": 74 } },
      "65": { "start": { "line": 66, "column": 0 }, "end": { "line": 66, "column": 47 } },
      "66": { "start": { "line": 67, "column": 0 }, "end": { "line": 67, "column": 0 } },
      "67": { "start": { "line": 68, "column": 0 }, "end": { "line": 68, "column": 24 } },
      "68": { "start": { "line": 69, "column": 0 }, "end": { "line": 69, "column": 80 } },
      "69": { "start": { "line": 70, "column": 0 }, "end": { "line": 70, "column": 9 } },
      "70": { "start": { "line": 71, "column": 0 }, "end": { "line": 71, "column": 0 } },
      "71": { "start": { "line": 72, "column": 0 }, "end": { "line": 72, "column": 37 } },
      "72": { "start": { "line": 73, "column": 0 }, "end": { "line": 73, "column": 0 } },
      "73": { "start": { "line": 74, "column": 0 }, "end": { "line": 74, "column": 42 } },
      "74": { "start": { "line": 75, "column": 0 }, "end": { "line": 75, "column": 83 } },
      "75": { "start": { "line": 76, "column": 0 }, "end": { "line": 76, "column": 9 } },
      "76": { "start": { "line": 77, "column": 0 }, "end": { "line": 77, "column": 0 } },
      "77": { "start": { "line": 78, "column": 0 }, "end": { "line": 78, "column": 43 } },
      "78": { "start": { "line": 79, "column": 0 }, "end": { "line": 79, "column": 67 } },
      "79": { "start": { "line": 80, "column": 0 }, "end": { "line": 80, "column": 0 } },
      "80": { "start": { "line": 81, "column": 0 }, "end": { "line": 81, "column": 69 } },
      "81": { "start": { "line": 82, "column": 0 }, "end": { "line": 82, "column": 79 } },
      "82": { "start": { "line": 83, "column": 0 }, "end": { "line": 83, "column": 74 } },
      "83": { "start": { "line": 84, "column": 0 }, "end": { "line": 84, "column": 79 } },
      "84": { "start": { "line": 85, "column": 0 }, "end": { "line": 85, "column": 80 } },
      "85": { "start": { "line": 86, "column": 0 }, "end": { "line": 86, "column": 0 } },
      "86": { "start": { "line": 87, "column": 0 }, "end": { "line": 87, "column": 16 } },
      "87": { "start": { "line": 88, "column": 0 }, "end": { "line": 88, "column": 31 } },
      "88": { "start": { "line": 89, "column": 0 }, "end": { "line": 89, "column": 21 } },
      "89": { "start": { "line": 90, "column": 0 }, "end": { "line": 90, "column": 53 } },
      "90": { "start": { "line": 91, "column": 0 }, "end": { "line": 91, "column": 29 } },
      "91": { "start": { "line": 92, "column": 0 }, "end": { "line": 92, "column": 10 } },
      "92": { "start": { "line": 93, "column": 0 }, "end": { "line": 93, "column": 8 } },
      "93": { "start": { "line": 94, "column": 0 }, "end": { "line": 94, "column": 17 } },
      "94": { "start": { "line": 95, "column": 0 }, "end": { "line": 95, "column": 17 } },
      "95": { "start": { "line": 96, "column": 0 }, "end": { "line": 96, "column": 38 } },
      "96": { "start": { "line": 97, "column": 0 }, "end": { "line": 97, "column": 6 } },
      "97": { "start": { "line": 98, "column": 0 }, "end": { "line": 98, "column": 3 } },
      "98": { "start": { "line": 99, "column": 0 }, "end": { "line": 99, "column": 0 } },
      "99": { "start": { "line": 100, "column": 0 }, "end": { "line": 100, "column": 55 } },
      "100": { "start": { "line": 101, "column": 0 }, "end": { "line": 101, "column": 49 } },
      "101": { "start": { "line": 102, "column": 0 }, "end": { "line": 102, "column": 0 } },
      "102": { "start": { "line": 103, "column": 0 }, "end": { "line": 103, "column": 39 } },
      "103": { "start": { "line": 104, "column": 0 }, "end": { "line": 104, "column": 32 } },
      "104": { "start": { "line": 105, "column": 0 }, "end": { "line": 105, "column": 86 } },
      "105": { "start": { "line": 106, "column": 0 }, "end": { "line": 106, "column": 0 } },
      "106": { "start": { "line": 107, "column": 0 }, "end": { "line": 107, "column": 22 } },
      "107": { "start": { "line": 108, "column": 0 }, "end": { "line": 108, "column": 0 } },
      "108": { "start": { "line": 109, "column": 0 }, "end": { "line": 109, "column": 21 } },
      "109": { "start": { "line": 110, "column": 0 }, "end": { "line": 110, "column": 40 } },
      "110": { "start": { "line": 111, "column": 0 }, "end": { "line": 111, "column": 0 } },
      "111": { "start": { "line": 112, "column": 0 }, "end": { "line": 112, "column": 26 } },
      "112": { "start": { "line": 113, "column": 0 }, "end": { "line": 113, "column": 42 } },
      "113": { "start": { "line": 114, "column": 0 }, "end": { "line": 114, "column": 0 } },
      "114": { "start": { "line": 115, "column": 0 }, "end": { "line": 115, "column": 29 } },
      "115": { "start": { "line": 116, "column": 0 }, "end": { "line": 116, "column": 58 } },
      "116": { "start": { "line": 117, "column": 0 }, "end": { "line": 117, "column": 0 } },
      "117": { "start": { "line": 118, "column": 0 }, "end": { "line": 118, "column": 18 } },
      "118": { "start": { "line": 119, "column": 0 }, "end": { "line": 119, "column": 61 } },
      "119": { "start": { "line": 120, "column": 0 }, "end": { "line": 120, "column": 0 } },
      "120": { "start": { "line": 121, "column": 0 }, "end": { "line": 121, "column": 66 } },
      "121": { "start": { "line": 122, "column": 0 }, "end": { "line": 122, "column": 0 } },
      "122": { "start": { "line": 123, "column": 0 }, "end": { "line": 123, "column": 50 } },
      "123": { "start": { "line": 124, "column": 0 }, "end": { "line": 124, "column": 3 } },
      "124": { "start": { "line": 125, "column": 0 }, "end": { "line": 125, "column": 1 } }
    },
    "s": {
      "0": 1,
      "1": 1,
      "2": 1,
      "3": 1,
      "4": 1,
      "5": 1,
      "6": 1,
      "7": 1,
      "8": 1,
      "9": 5,
      "10": 5,
      "11": 5,
      "12": 5,
      "13": 5,
      "14": 5,
      "15": 5,
      "16": 5,
      "17": 5,
      "18": 5,
      "19": 5,
      "20": 5,
      "21": 5,
      "22": 5,
      "23": 5,
      "24": 5,
      "25": 5,
      "26": 5,
      "27": 5,
      "28": 5,
      "29": 5,
      "30": 5,
      "31": 5,
      "32": 5,
      "33": 5,
      "34": 5,
      "35": 5,
      "36": 5,
      "37": 5,
      "38": 5,
      "39": 5,
      "40": 5,
      "41": 5,
      "42": 5,
      "43": 5,
      "44": 5,
      "45": 5,
      "46": 0,
      "47": 0,
      "48": 0,
      "49": 0,
      "50": 0,
      "51": 0,
      "52": 0,
      "53": 5,
      "54": 5,
      "55": 5,
      "56": 0,
      "57": 0,
      "58": 0,
      "59": 0,
      "60": 0,
      "61": 0,
      "62": 0,
      "63": 0,
      "64": 0,
      "65": 0,
      "66": 0,
      "67": 0,
      "68": 0,
      "69": 0,
      "70": 0,
      "71": 0,
      "72": 0,
      "73": 0,
      "74": 0,
      "75": 0,
      "76": 0,
      "77": 0,
      "78": 0,
      "79": 0,
      "80": 0,
      "81": 0,
      "82": 0,
      "83": 0,
      "84": 0,
      "85": 0,
      "86": 0,
      "87": 0,
      "88": 0,
      "89": 0,
      "90": 0,
      "91": 0,
      "92": 0,
      "93": 0,
      "94": 0,
      "95": 0,
      "96": 0,
      "97": 0,
      "98": 5,
      "99": 5,
      "100": 4,
      "101": 4,
      "102": 4,
      "103": 4,
      "104": 4,
      "105": 4,
      "106": 4,
      "107": 4,
      "108": 4,
      "109": 4,
      "110": 4,
      "111": 4,
      "112": 4,
      "113": 4,
      "114": 4,
      "115": 4,
      "116": 4,
      "117": 4,
      "118": 4,
      "119": 4,
      "120": 4,
      "121": 4,
      "122": 4,
      "123": 4,
      "124": 5
    },
    "branchMap": {
      "0": {
        "type": "branch",
        "line": 9,
        "loc": { "start": { "line": 9, "column": 48 }, "end": { "line": 125, "column": 1 } },
        "locations": [{ "start": { "line": 9, "column": 48 }, "end": { "line": 125, "column": 1 } }]
      },
      "1": {
        "type": "branch",
        "line": 14,
        "loc": { "start": { "line": 14, "column": 2 }, "end": { "line": 54, "column": 3 } },
        "locations": [{ "start": { "line": 14, "column": 2 }, "end": { "line": 54, "column": 3 } }]
      },
      "2": {
        "type": "branch",
        "line": 46,
        "loc": { "start": { "line": 46, "column": 6 }, "end": { "line": 53, "column": 5 } },
        "locations": [{ "start": { "line": 46, "column": 6 }, "end": { "line": 53, "column": 5 } }]
      },
      "3": {
        "type": "branch",
        "line": 100,
        "loc": { "start": { "line": 100, "column": 12 }, "end": { "line": 124, "column": 3 } },
        "locations": [
          { "start": { "line": 100, "column": 12 }, "end": { "line": 124, "column": 3 } }
        ]
      }
    },
    "b": { "0": [5], "1": [5], "2": [0], "3": [4] },
    "fnMap": {
      "0": {
        "name": "<instance_members_initializer>",
        "decl": { "start": { "line": 9, "column": 48 }, "end": { "line": 125, "column": 1 } },
        "loc": { "start": { "line": 9, "column": 48 }, "end": { "line": 125, "column": 1 } },
        "line": 9
      },
      "1": {
        "name": "GeminiProvider",
        "decl": { "start": { "line": 14, "column": 2 }, "end": { "line": 54, "column": 3 } },
        "loc": { "start": { "line": 14, "column": 2 }, "end": { "line": 54, "column": 3 } },
        "line": 14
      },
      "2": {
        "name": "review",
        "decl": { "start": { "line": 56, "column": 2 }, "end": { "line": 98, "column": 3 } },
        "loc": { "start": { "line": 56, "column": 2 }, "end": { "line": 98, "column": 3 } },
        "line": 56
      },
      "3": {
        "name": "buildPrompt",
        "decl": { "start": { "line": 100, "column": 12 }, "end": { "line": 124, "column": 3 } },
        "loc": { "start": { "line": 100, "column": 12 }, "end": { "line": 124, "column": 3 } },
        "line": 100
      }
    },
    "f": { "0": 5, "1": 5, "2": 0, "3": 4 }
  },
  "/Users/quanle/Workspace/personal/code-review-action/src/providers/index.ts": {
    "path": "/Users/quanle/Workspace/personal/code-review-action/src/providers/index.ts",
    "all": false,
    "statementMap": {
      "0": { "start": { "line": 1, "column": 0 }, "end": { "line": 1, "column": 67 } },
      "1": { "start": { "line": 2, "column": 0 }, "end": { "line": 2, "column": 42 } },
      "2": { "start": { "line": 3, "column": 0 }, "end": { "line": 3, "column": 42 } },
      "3": { "start": { "line": 4, "column": 0 }, "end": { "line": 4, "column": 0 } },
      "4": { "start": { "line": 5, "column": 0 }, "end": { "line": 5, "column": 30 } },
      "5": { "start": { "line": 6, "column": 0 }, "end": { "line": 6, "column": 88 } },
      "6": { "start": { "line": 7, "column": 0 }, "end": { "line": 7, "column": 31 } },
      "7": { "start": { "line": 8, "column": 0 }, "end": { "line": 8, "column": 31 } },
      "8": { "start": { "line": 9, "column": 0 }, "end": { "line": 9, "column": 5 } },
      "9": { "start": { "line": 10, "column": 0 }, "end": { "line": 10, "column": 0 } },
      "10": { "start": { "line": 11, "column": 0 }, "end": { "line": 11, "column": 73 } },
      "11": { "start": { "line": 12, "column": 0 }, "end": { "line": 12, "column": 51 } },
      "12": { "start": { "line": 13, "column": 0 }, "end": { "line": 13, "column": 0 } },
      "13": { "start": { "line": 14, "column": 0 }, "end": { "line": 14, "column": 25 } },
      "14": { "start": { "line": 15, "column": 0 }, "end": { "line": 15, "column": 30 } },
      "15": { "start": { "line": 16, "column": 0 }, "end": { "line": 16, "column": 110 } },
      "16": { "start": { "line": 17, "column": 0 }, "end": { "line": 17, "column": 13 } },
      "17": { "start": { "line": 18, "column": 0 }, "end": { "line": 18, "column": 8 } },
      "18": { "start": { "line": 19, "column": 0 }, "end": { "line": 19, "column": 5 } },
      "19": { "start": { "line": 20, "column": 0 }, "end": { "line": 20, "column": 0 } },
      "20": { "start": { "line": 21, "column": 0 }, "end": { "line": 21, "column": 42 } },
      "21": { "start": { "line": 22, "column": 0 }, "end": { "line": 22, "column": 81 } },
      "22": { "start": { "line": 23, "column": 0 }, "end": { "line": 23, "column": 5 } },
      "23": { "start": { "line": 24, "column": 0 }, "end": { "line": 24, "column": 0 } },
      "24": { "start": { "line": 25, "column": 0 }, "end": { "line": 25, "column": 9 } },
      "25": { "start": { "line": 26, "column": 0 }, "end": { "line": 26, "column": 39 } },
      "26": { "start": { "line": 27, "column": 0 }, "end": { "line": 27, "column": 21 } },
      "27": { "start": { "line": 28, "column": 0 }, "end": { "line": 28, "column": 30 } },
      "28": { "start": { "line": 29, "column": 0 }, "end": { "line": 29, "column": 109 } },
      "29": { "start": { "line": 30, "column": 0 }, "end": { "line": 30, "column": 13 } },
      "30": { "start": { "line": 31, "column": 0 }, "end": { "line": 31, "column": 18 } },
      "31": { "start": { "line": 32, "column": 0 }, "end": { "line": 32, "column": 51 } },
      "32": { "start": { "line": 33, "column": 0 }, "end": { "line": 33, "column": 8 } },
      "33": { "start": { "line": 34, "column": 0 }, "end": { "line": 34, "column": 5 } },
      "34": { "start": { "line": 35, "column": 0 }, "end": { "line": 35, "column": 3 } },
      "35": { "start": { "line": 36, "column": 0 }, "end": { "line": 36, "column": 0 } },
      "36": { "start": { "line": 37, "column": 0 }, "end": { "line": 37, "column": 50 } },
      "37": { "start": { "line": 38, "column": 0 }, "end": { "line": 38, "column": 45 } },
      "38": { "start": { "line": 39, "column": 0 }, "end": { "line": 39, "column": 3 } },
      "39": { "start": { "line": 40, "column": 0 }, "end": { "line": 40, "column": 0 } },
      "40": { "start": { "line": 41, "column": 0 }, "end": { "line": 41, "column": 26 } },
      "41": { "start": { "line": 42, "column": 0 }, "end": { "line": 42, "column": 23 } },
      "42": { "start": { "line": 43, "column": 0 }, "end": { "line": 43, "column": 54 } },
      "43": { "start": { "line": 44, "column": 0 }, "end": { "line": 44, "column": 11 } },
      "44": { "start": { "line": 45, "column": 0 }, "end": { "line": 45, "column": 44 } },
      "45": { "start": { "line": 46, "column": 0 }, "end": { "line": 46, "column": 3 } },
      "46": { "start": { "line": 47, "column": 0 }, "end": { "line": 47, "column": 1 } },
      "47": { "start": { "line": 48, "column": 0 }, "end": { "line": 48, "column": 0 } },
      "48": { "start": { "line": 49, "column": 0 }, "end": { "line": 49, "column": 51 } },
      "49": { "start": { "line": 50, "column": 0 }, "end": { "line": 50, "column": 42 } },
      "50": { "start": { "line": 51, "column": 0 }, "end": { "line": 51, "column": 42 } },
      "51": { "start": { "line": 52, "column": 0 }, "end": { "line": 52, "column": 25 } }
    },
    "s": {
      "0": 1,
      "1": 1,
      "2": 1,
      "3": 1,
      "4": 1,
      "5": 1,
      "6": 1,
      "7": 1,
      "8": 1,
      "9": 1,
      "10": 1,
      "11": 7,
      "12": 7,
      "13": 7,
      "14": 1,
      "15": 1,
      "16": 1,
      "17": 1,
      "18": 1,
      "19": 6,
      "20": 7,
      "21": 2,
      "22": 2,
      "23": 4,
      "24": 4,
      "25": 4,
      "26": 7,
      "27": 0,
      "28": 0,
      "29": 0,
      "30": 0,
      "31": 0,
      "32": 0,
      "33": 0,
      "34": 7,
      "35": 1,
      "36": 1,
      "37": 1,
      "38": 1,
      "39": 1,
      "40": 1,
      "41": 3,
      "42": 3,
      "43": 3,
      "44": 3,
      "45": 3,
      "46": 1,
      "47": 1,
      "48": 1,
      "49": 1,
      "50": 1,
      "51": 1
    },
    "branchMap": {
      "0": {
        "type": "branch",
        "line": 11,
        "loc": { "start": { "line": 11, "column": 9 }, "end": { "line": 35, "column": 3 } },
        "locations": [{ "start": { "line": 11, "column": 9 }, "end": { "line": 35, "column": 3 } }]
      },
      "1": {
        "type": "branch",
        "line": 14,
        "loc": { "start": { "line": 14, "column": 24 }, "end": { "line": 19, "column": 5 } },
        "locations": [{ "start": { "line": 14, "column": 24 }, "end": { "line": 19, "column": 5 } }]
      },
      "2": {
        "type": "branch",
        "line": 20,
        "loc": { "start": { "line": 20, "column": -1 }, "end": { "line": 21, "column": 19 } },
        "locations": [
          { "start": { "line": 20, "column": -1 }, "end": { "line": 21, "column": 19 } }
        ]
      },
      "3": {
        "type": "branch",
        "line": 21,
        "loc": { "start": { "line": 21, "column": 15 }, "end": { "line": 21, "column": 39 } },
        "locations": [
          { "start": { "line": 21, "column": 15 }, "end": { "line": 21, "column": 39 } }
        ]
      },
      "4": {
        "type": "branch",
        "line": 21,
        "loc": { "start": { "line": 21, "column": 41 }, "end": { "line": 23, "column": 5 } },
        "locations": [{ "start": { "line": 21, "column": 41 }, "end": { "line": 23, "column": 5 } }]
      },
      "5": {
        "type": "branch",
        "line": 24,
        "loc": { "start": { "line": 24, "column": -1 }, "end": { "line": 27, "column": 13 } },
        "locations": [
          { "start": { "line": 24, "column": -1 }, "end": { "line": 27, "column": 13 } }
        ]
      },
      "6": {
        "type": "branch",
        "line": 27,
        "loc": { "start": { "line": 27, "column": 6 }, "end": { "line": 34, "column": 5 } },
        "locations": [{ "start": { "line": 27, "column": 6 }, "end": { "line": 34, "column": 5 } }]
      },
      "7": {
        "type": "branch",
        "line": 37,
        "loc": { "start": { "line": 37, "column": 9 }, "end": { "line": 39, "column": 3 } },
        "locations": [{ "start": { "line": 37, "column": 9 }, "end": { "line": 39, "column": 3 } }]
      },
      "8": {
        "type": "branch",
        "line": 41,
        "loc": { "start": { "line": 41, "column": 9 }, "end": { "line": 46, "column": 3 } },
        "locations": [{ "start": { "line": 41, "column": 9 }, "end": { "line": 46, "column": 3 } }]
      }
    },
    "b": {
      "0": [7],
      "1": [1],
      "2": [6],
      "3": [5],
      "4": [2],
      "5": [4],
      "6": [0],
      "7": [1],
      "8": [3]
    },
    "fnMap": {
      "0": {
        "name": "createProvider",
        "decl": { "start": { "line": 11, "column": 9 }, "end": { "line": 35, "column": 3 } },
        "loc": { "start": { "line": 11, "column": 9 }, "end": { "line": 35, "column": 3 } },
        "line": 11
      },
      "1": {
        "name": "getSupportedProviders",
        "decl": { "start": { "line": 37, "column": 9 }, "end": { "line": 39, "column": 3 } },
        "loc": { "start": { "line": 37, "column": 9 }, "end": { "line": 39, "column": 3 } },
        "line": 37
      },
      "2": {
        "name": "registerProvider",
        "decl": { "start": { "line": 41, "column": 9 }, "end": { "line": 46, "column": 3 } },
        "loc": { "start": { "line": 41, "column": 9 }, "end": { "line": 46, "column": 3 } },
        "line": 41
      },
      "3": {
        "name": "get",
        "decl": { "start": { "line": 50, "column": 9 }, "end": { "line": 50, "column": 42 } },
        "loc": { "start": { "line": 50, "column": 9 }, "end": { "line": 50, "column": 42 } },
        "line": 50
      },
      "4": {
        "name": "get",
        "decl": { "start": { "line": 51, "column": 9 }, "end": { "line": 51, "column": 42 } },
        "loc": { "start": { "line": 51, "column": 9 }, "end": { "line": 51, "column": 42 } },
        "line": 51
      }
    },
    "f": { "0": 7, "1": 1, "2": 3, "3": 0, "4": 0 }
  },
  "/Users/quanle/Workspace/personal/code-review-action/src/providers/openai.ts": {
    "path": "/Users/quanle/Workspace/personal/code-review-action/src/providers/openai.ts",
    "all": false,
    "statementMap": {
      "0": { "start": { "line": 1, "column": 0 }, "end": { "line": 1, "column": 28 } },
      "1": { "start": { "line": 2, "column": 0 }, "end": { "line": 2, "column": 83 } },
      "2": { "start": { "line": 3, "column": 0 }, "end": { "line": 3, "column": 0 } },
      "3": { "start": { "line": 4, "column": 0 }, "end": { "line": 4, "column": 50 } },
      "4": { "start": { "line": 5, "column": 0 }, "end": { "line": 5, "column": 42 } },
      "5": { "start": { "line": 6, "column": 0 }, "end": { "line": 6, "column": 25 } },
      "6": { "start": { "line": 7, "column": 0 }, "end": { "line": 7, "column": 0 } },
      "7": { "start": { "line": 8, "column": 0 }, "end": { "line": 8, "column": 31 } },
      "8": { "start": { "line": 9, "column": 0 }, "end": { "line": 9, "column": 18 } },
      "9": { "start": { "line": 10, "column": 0 }, "end": { "line": 10, "column": 0 } },
      "10": { "start": { "line": 11, "column": 0 }, "end": { "line": 11, "column": 9 } },
      "11": { "start": { "line": 12, "column": 0 }, "end": { "line": 12, "column": 32 } },
      "12": { "start": { "line": 13, "column": 0 }, "end": { "line": 13, "column": 23 } },
      "13": { "start": { "line": 14, "column": 0 }, "end": { "line": 14, "column": 9 } },
      "14": { "start": { "line": 15, "column": 0 }, "end": { "line": 15, "column": 21 } },
      "15": { "start": { "line": 16, "column": 0 }, "end": { "line": 16, "column": 30 } },
      "16": { "start": { "line": 17, "column": 0 }, "end": { "line": 17, "column": 108 } },
      "17": { "start": { "line": 18, "column": 0 }, "end": { "line": 18, "column": 17 } },
      "18": { "start": { "line": 19, "column": 0 }, "end": { "line": 19, "column": 18 } },
      "19": { "start": { "line": 20, "column": 0 }, "end": { "line": 20, "column": 51 } },
      "20": { "start": { "line": 21, "column": 0 }, "end": { "line": 21, "column": 8 } },
      "21": { "start": { "line": 22, "column": 0 }, "end": { "line": 22, "column": 5 } },
      "22": { "start": { "line": 23, "column": 0 }, "end": { "line": 23, "column": 3 } },
      "23": { "start": { "line": 24, "column": 0 }, "end": { "line": 24, "column": 0 } },
      "24": { "start": { "line": 25, "column": 0 }, "end": { "line": 25, "column": 15 } },
      "25": { "start": { "line": 26, "column": 0 }, "end": { "line": 26, "column": 25 } },
      "26": { "start": { "line": 27, "column": 0 }, "end": { "line": 27, "column": 27 } },
      "27": { "start": { "line": 28, "column": 0 }, "end": { "line": 28, "column": 30 } },
      "28": { "start": { "line": 29, "column": 0 }, "end": { "line": 29, "column": 28 } },
[...]
        "line": 15,
        "loc": { "start": { "line": 15, "column": 37 }, "end": { "line": 17, "column": 7 } },
        "locations": [{ "start": { "line": 15, "column": 37 }, "end": { "line": 17, "column": 7 } }]
      },
      "3": {
        "type": "branch",
        "line": 18,
        "loc": { "start": { "line": 18, "column": -1 }, "end": { "line": 21, "column": 36 } },
        "locations": [
          { "start": { "line": 18, "column": -1 }, "end": { "line": 21, "column": 36 } }
        ]
      },
      "4": {
        "type": "branch",
        "line": 21,
        "loc": { "start": { "line": 21, "column": 33 }, "end": { "line": 22, "column": 71 } },
        "locations": [
          { "start": { "line": 21, "column": 33 }, "end": { "line": 22, "column": 71 } }
        ]
      },
      "5": {
        "type": "branch",
        "line": 24,
        "loc": { "start": { "line": 24, "column": 23 }, "end": { "line": 26, "column": 7 } },
        "locations": [{ "start": { "line": 24, "column": 23 }, "end": { "line": 26, "column": 7 } }]
      },
      "6": {
        "type": "branch",
        "line": 27,
        "loc": { "start": { "line": 27, "column": -1 }, "end": { "line": 32, "column": 5 } },
        "locations": [{ "start": { "line": 27, "column": -1 }, "end": { "line": 32, "column": 5 } }]
      },
      "7": {
        "type": "branch",
        "line": 22,
        "loc": { "start": { "line": 22, "column": 26 }, "end": { "line": 22, "column": 70 } },
        "locations": [
          { "start": { "line": 22, "column": 26 }, "end": { "line": 22, "column": 70 } }
        ]
      },
      "8": {
        "type": "branch",
        "line": 29,
        "loc": { "start": { "line": 29, "column": 43 }, "end": { "line": 29, "column": 87 } },
        "locations": [
          { "start": { "line": 29, "column": 43 }, "end": { "line": 29, "column": 87 } }
        ]
      },
      "9": {
        "type": "branch",
        "line": 38,
        "loc": { "start": { "line": 38, "column": 9 }, "end": { "line": 106, "column": 3 } },
        "locations": [{ "start": { "line": 38, "column": 9 }, "end": { "line": 106, "column": 3 } }]
      },
      "10": {
        "type": "branch",
        "line": 39,
        "loc": { "start": { "line": 39, "column": 21 }, "end": { "line": 44, "column": 5 } },
        "locations": [{ "start": { "line": 39, "column": 21 }, "end": { "line": 44, "column": 5 } }]
      },
      "11": {
        "type": "branch",
        "line": 45,
        "loc": { "start": { "line": 45, "column": -1 }, "end": { "line": 49, "column": 34 } },
        "locations": [
          { "start": { "line": 45, "column": -1 }, "end": { "line": 49, "column": 34 } }
        ]
      },
      "12": {
        "type": "branch",
        "line": 49,
        "loc": { "start": { "line": 49, "column": 34 }, "end": { "line": 100, "column": 5 } },
        "locations": [
          { "start": { "line": 49, "column": 34 }, "end": { "line": 100, "column": 5 } }
        ]
      },
      "13": {
        "type": "branch",
        "line": 64,
        "loc": { "start": { "line": 64, "column": 45 }, "end": { "line": 94, "column": 7 } },
        "locations": [{ "start": { "line": 64, "column": 45 }, "end": { "line": 94, "column": 7 } }]
      },
      "14": {
        "type": "branch",
        "line": 69,
        "loc": { "start": { "line": 69, "column": 41 }, "end": { "line": 70, "column": 32 } },
        "locations": [
          { "start": { "line": 69, "column": 41 }, "end": { "line": 70, "column": 32 } }
        ]
      },
      "15": {
        "type": "branch",
        "line": 72,
        "loc": { "start": { "line": 72, "column": 31 }, "end": { "line": 93, "column": 9 } },
        "locations": [{ "start": { "line": 72, "column": 31 }, "end": { "line": 93, "column": 9 } }]
      },
      "16": {
        "type": "branch",
        "line": 83,
        "loc": { "start": { "line": 83, "column": 34 }, "end": { "line": 83, "column": 72 } },
        "locations": [
          { "start": { "line": 83, "column": 34 }, "end": { "line": 83, "column": 72 } }
        ]
      },
      "17": {
        "type": "branch",
        "line": 83,
        "loc": { "start": { "line": 83, "column": 74 }, "end": { "line": 87, "column": 11 } },
        "locations": [
          { "start": { "line": 83, "column": 74 }, "end": { "line": 87, "column": 11 } }
        ]
      },
      "18": {
        "type": "branch",
        "line": 87,
        "loc": { "start": { "line": 87, "column": 11 }, "end": { "line": 90, "column": 11 } },
        "locations": [
          { "start": { "line": 87, "column": 11 }, "end": { "line": 90, "column": 11 } }
        ]
      },
      "19": {
        "type": "branch",
        "line": 101,
        "loc": { "start": { "line": 101, "column": -1 }, "end": { "line": 106, "column": 3 } },
        "locations": [
          { "start": { "line": 101, "column": -1 }, "end": { "line": 106, "column": 3 } }
        ]
      },
      "20": {
        "type": "branch",
        "line": 97,
        "loc": { "start": { "line": 97, "column": 21 }, "end": { "line": 99, "column": 7 } },
        "locations": [{ "start": { "line": 97, "column": 21 }, "end": { "line": 99, "column": 7 } }]
      },
      "21": {
        "type": "branch",
        "line": 111,
        "loc": { "start": { "line": 111, "column": 9 }, "end": { "line": 121, "column": 3 } },
        "locations": [
          { "start": { "line": 111, "column": 9 }, "end": { "line": 121, "column": 3 } }
        ]
      },
      "22": {
        "type": "branch",
        "line": 112,
        "loc": { "start": { "line": 112, "column": 39 }, "end": { "line": 114, "column": 5 } },
        "locations": [
          { "start": { "line": 112, "column": 39 }, "end": { "line": 114, "column": 5 } }
        ]
      },
      "23": {
        "type": "branch",
        "line": 119,
        "loc": { "start": { "line": 119, "column": 11 }, "end": { "line": 119, "column": 36 } },
        "locations": [
          { "start": { "line": 119, "column": 11 }, "end": { "line": 119, "column": 36 } }
        ]
      },
      "24": {
        "type": "branch",
        "line": 120,
        "loc": { "start": { "line": 120, "column": 14 }, "end": { "line": 120, "column": 43 } },
        "locations": [
          { "start": { "line": 120, "column": 14 }, "end": { "line": 120, "column": 43 } }
        ]
      },
      "25": {
        "type": "branch",
        "line": 126,
        "loc": { "start": { "line": 126, "column": 9 }, "end": { "line": 129, "column": 3 } },
        "locations": [
          { "start": { "line": 126, "column": 9 }, "end": { "line": 129, "column": 3 } }
        ]
      },
      "26": {
        "type": "branch",
        "line": 128,
        "loc": { "start": { "line": 128, "column": 23 }, "end": { "line": 128, "column": 66 } },
        "locations": [
          { "start": { "line": 128, "column": 23 }, "end": { "line": 128, "column": 66 } }
        ]
      },
      "27": {
        "type": "branch",
        "line": 128,
        "loc": { "start": { "line": 128, "column": 67 }, "end": { "line": 128, "column": 71 } },
        "locations": [
          { "start": { "line": 128, "column": 67 }, "end": { "line": 128, "column": 71 } }
        ]
      },
      "28": {
        "type": "branch",
        "line": 134,
        "loc": { "start": { "line": 134, "column": 9 }, "end": { "line": 212, "column": 3 } },
        "locations": [
          { "start": { "line": 134, "column": 9 }, "end": { "line": 212, "column": 3 } }
        ]
      },
      "29": {
        "type": "branch",
        "line": 203,
        "loc": { "start": { "line": 203, "column": 60 }, "end": { "line": 203, "column": 66 } },
        "locations": [
          { "start": { "line": 203, "column": 60 }, "end": { "line": 203, "column": 66 } }
        ]
      },
      "30": {
        "type": "branch",
        "line": 206,
        "loc": { "start": { "line": 206, "column": 35 }, "end": { "line": 207, "column": 34 } },
        "locations": [
          { "start": { "line": 206, "column": 35 }, "end": { "line": 207, "column": 34 } }
        ]
      },
      "31": {
        "type": "branch",
        "line": 207,
        "loc": { "start": { "line": 207, "column": 34 }, "end": { "line": 208, "column": 39 } },
        "locations": [
          { "start": { "line": 207, "column": 34 }, "end": { "line": 208, "column": 39 } }
        ]
      },
      "32": {
        "type": "branch",
        "line": 208,
        "loc": { "start": { "line": 208, "column": 39 }, "end": { "line": 209, "column": 35 } },
        "locations": [
          { "start": { "line": 208, "column": 39 }, "end": { "line": 209, "column": 35 } }
        ]
      },
      "33": {
        "type": "branch",
        "line": 209,
        "loc": { "start": { "line": 209, "column": 35 }, "end": { "line": 210, "column": 34 } },
        "locations": [
          { "start": { "line": 209, "column": 35 }, "end": { "line": 210, "column": 34 } }
        ]
      },
      "34": {
        "type": "branch",
        "line": 217,
        "loc": { "start": { "line": 217, "column": 9 }, "end": { "line": 234, "column": 3 } },
        "locations": [
          { "start": { "line": 217, "column": 9 }, "end": { "line": 234, "column": 3 } }
        ]
      },
      "35": {
        "type": "branch",
        "line": 218,
        "loc": { "start": { "line": 218, "column": 13 }, "end": { "line": 218, "column": 41 } },
        "locations": [
          { "start": { "line": 218, "column": 13 }, "end": { "line": 218, "column": 41 } }
        ]
      },
      "36": {
        "type": "branch",
        "line": 218,
        "loc": { "start": { "line": 218, "column": 43 }, "end": { "line": 220, "column": 5 } },
        "locations": [
          { "start": { "line": 218, "column": 43 }, "end": { "line": 220, "column": 5 } }
        ]
      },
      "37": {
        "type": "branch",
        "line": 221,
        "loc": { "start": { "line": 221, "column": -1 }, "end": { "line": 227, "column": 56 } },
        "locations": [
          { "start": { "line": 221, "column": -1 }, "end": { "line": 227, "column": 56 } }
        ]
      },
      "38": {
        "type": "branch",
        "line": 227,
        "loc": { "start": { "line": 227, "column": 53 }, "end": { "line": 228, "column": 54 } },
        "locations": [
          { "start": { "line": 227, "column": 53 }, "end": { "line": 228, "column": 54 } }
        ]
      },
      "39": {
        "type": "branch",
        "line": 228,
        "loc": { "start": { "line": 228, "column": 54 }, "end": { "line": 229, "column": 42 } },
        "locations": [
          { "start": { "line": 228, "column": 54 }, "end": { "line": 229, "column": 42 } }
        ]
      },
      "40": {
        "type": "branch",
        "line": 229,
        "loc": { "start": { "line": 229, "column": 42 }, "end": { "line": 230, "column": 43 } },
        "locations": [
          { "start": { "line": 229, "column": 42 }, "end": { "line": 230, "column": 43 } }
        ]
      },
      "41": {
        "type": "branch",
        "line": 230,
        "loc": { "start": { "line": 230, "column": 43 }, "end": { "line": 231, "column": 43 } },
        "locations": [
          { "start": { "line": 230, "column": 43 }, "end": { "line": 231, "column": 43 } }
        ]
      },
      "42": {
        "type": "branch",
        "line": 231,
        "loc": { "start": { "line": 231, "column": 43 }, "end": { "line": 232, "column": 41 } },
        "locations": [
          { "start": { "line": 231, "column": 43 }, "end": { "line": 232, "column": 41 } }
        ]
      },
      "43": {
        "type": "branch",
        "line": 227,
        "loc": { "start": { "line": 227, "column": 27 }, "end": { "line": 227, "column": 52 } },
        "locations": [
          { "start": { "line": 227, "column": 27 }, "end": { "line": 227, "column": 52 } }
        ]
      },
      "44": {
        "type": "branch",
        "line": 239,
        "loc": { "start": { "line": 239, "column": 9 }, "end": { "line": 252, "column": 3 } },
        "locations": [
          { "start": { "line": 239, "column": 9 }, "end": { "line": 252, "column": 3 } }
        ]
      },
      "45": {
        "type": "branch",
        "line": 245,
        "loc": { "start": { "line": 245, "column": 6 }, "end": { "line": 249, "column": 8 } },
        "locations": [
          { "start": { "line": 245, "column": 6 }, "end": { "line": 249, "column": 8 } }
        ]
      },
      "46": {
        "type": "branch",
        "line": 279,
        "loc": { "start": { "line": 279, "column": 9 }, "end": { "line": 296, "column": 3 } },
        "locations": [
          { "start": { "line": 279, "column": 9 }, "end": { "line": 296, "column": 3 } }
        ]
      },
      "47": {
        "type": "branch",
        "line": 281,
        "loc": { "start": { "line": 281, "column": 41 }, "end": { "line": 293, "column": 5 } },
        "locations": [
          { "start": { "line": 281, "column": 41 }, "end": { "line": 293, "column": 5 } }
        ]
      },
      "48": {
        "type": "branch",
        "line": 285,
        "loc": { "start": { "line": 285, "column": 26 }, "end": { "line": 286, "column": 37 } },
        "locations": [
          { "start": { "line": 285, "column": 26 }, "end": { "line": 286, "column": 37 } }
        ]
      },
      "49": {
        "type": "branch",
        "line": 286,
        "loc": { "start": { "line": 286, "column": 37 }, "end": { "line": 287, "column": 33 } },
        "locations": [
          { "start": { "line": 286, "column": 37 }, "end": { "line": 287, "column": 33 } }
        ]
      },
      "50": {
        "type": "branch",
        "line": 287,
        "loc": { "start": { "line": 287, "column": 33 }, "end": { "line": 288, "column": 41 } },
        "locations": [
          { "start": { "line": 287, "column": 33 }, "end": { "line": 288, "column": 41 } }
        ]
      },
      "51": {
        "type": "branch",
        "line": 288,
        "loc": { "start": { "line": 288, "column": 41 }, "end": { "line": 289, "column": 37 } },
        "locations": [
          { "start": { "line": 288, "column": 41 }, "end": { "line": 289, "column": 37 } }
        ]
      },
      "52": {
        "type": "branch",
        "line": 289,
        "loc": { "start": { "line": 289, "column": 37 }, "end": { "line": 290, "column": 34 } },
        "locations": [
          { "start": { "line": 289, "column": 37 }, "end": { "line": 290, "column": 34 } }
        ]
      },
      "53": {
        "type": "branch",
        "line": 290,
        "loc": { "start": { "line": 290, "column": 34 }, "end": { "line": 291, "column": 34 } },
        "locations": [
          { "start": { "line": 290, "column": 34 }, "end": { "line": 291, "column": 34 } }
        ]
      }
    },
    "b": {
      "0": [4],
      "1": [20],
      "2": [4],
      "3": [16],
      "4": [12],
      "5": [3],
      "6": [13],
      "7": [12],
      "8": [14],
      "9": [3],
      "10": [1],
      "11": [2],
      "12": [1],
      "13": [100],
      "14": [97],
      "15": [4],
      "16": [3],
      "17": [3],
      "18": [1],
      "19": [2],
      "20": [4],
      "21": [3],
      "22": [0],
      "23": [5],
      "24": [5],
      "25": [11],
      "26": [9],
      "27": [2],
      "28": [11],
      "29": [0],
      "30": [6],
      "31": [4],
      "32": [3],
      "33": [3],
      "34": [5],
      "35": [4],
      "36": [1],
      "37": [4],
      "38": [2],
      "39": [1],
      "40": [1],
      "41": [1],
      "42": [1],
      "43": [13],
      "44": [2],
      "45": [2],
      "46": [3],
      "47": [10],
      "48": [6],
      "49": [6],
      "50": [5],
      "51": [5],
      "52": [5],
      "53": [4]
    },
    "fnMap": {
      "0": {
        "name": "filterFiles",
        "decl": { "start": { "line": 8, "column": 9 }, "end": { "line": 33, "column": 3 } },
        "loc": { "start": { "line": 8, "column": 9 }, "end": { "line": 33, "column": 3 } },
        "line": 8
      },
      "1": {
        "name": "chunkDiff",
        "decl": { "start": { "line": 38, "column": 9 }, "end": { "line": 106, "column": 3 } },
        "loc": { "start": { "line": 38, "column": 9 }, "end": { "line": 106, "column": 3 } },
        "line": 38
      },
      "2": {
        "name": "parseGlobPatterns",
        "decl": { "start": { "line": 111, "column": 9 }, "end": { "line": 121, "column": 3 } },
        "loc": { "start": { "line": 111, "column": 9 }, "end": { "line": 121, "column": 3 } },
        "line": 111
      },
      "3": {
        "name": "getFileExtension",
        "decl": { "start": { "line": 126, "column": 9 }, "end": { "line": 129, "column": 3 } },
        "loc": { "start": { "line": 126, "column": 9 }, "end": { "line": 129, "column": 3 } },
        "line": 126
      },
      "4": {
        "name": "isTextFile",
        "decl": { "start": { "line": 134, "column": 9 }, "end": { "line": 212, "column": 3 } },
        "loc": { "start": { "line": 134, "column": 9 }, "end": { "line": 212, "column": 3 } },
        "line": 134
      },
      "5": {
        "name": "validateFileChange",
        "decl": { "start": { "line": 217, "column": 9 }, "end": { "line": 234, "column": 3 } },
        "loc": { "start": { "line": 217, "column": 9 }, "end": { "line": 234, "column": 3 } },
        "line": 217
      },
      "6": {
        "name": "getTotalChanges",
        "decl": { "start": { "line": 239, "column": 9 }, "end": { "line": 252, "column": 3 } },
        "loc": { "start": { "line": 239, "column": 9 }, "end": { "line": 252, "column": 3 } },
        "line": 239
      },
      "7": {
        "name": "files.reduce.additions",
        "decl": { "start": { "line": 245, "column": 6 }, "end": { "line": 249, "column": 8 } },
        "loc": { "start": { "line": 245, "column": 6 }, "end": { "line": 249, "column": 8 } },
        "line": 245
      },
      "8": {
        "name": "getChangesSummary",
        "decl": { "start": { "line": 257, "column": 9 }, "end": { "line": 265, "column": 3 } },
        "loc": { "start": { "line": 257, "column": 9 }, "end": { "line": 265, "column": 3 } },
        "line": 257
      },
      "9": {
        "name": "sanitizeFilename",
        "decl": { "start": { "line": 270, "column": 9 }, "end": { "line": 274, "column": 3 } },
        "loc": { "start": { "line": 270, "column": 9 }, "end": { "line": 274, "column": 3 } },
        "line": 270
      },
      "10": {
        "name": "isMeaningfulChunk",
        "decl": { "start": { "line": 279, "column": 9 }, "end": { "line": 296, "column": 3 } },
        "loc": { "start": { "line": 279, "column": 9 }, "end": { "line": 296, "column": 3 } },
        "line": 279
      }
    },
    "f": {
      "0": 4,
      "1": 3,
      "2": 3,
      "3": 11,
      "4": 11,
      "5": 5,
      "6": 2,
      "7": 2,
      "8": 0,
      "9": 0,
      "10": 3
    }
  },
  "/Users/quanle/Workspace/personal/code-review-action/src/utils/index.ts": {
    "path": "/Users/quanle/Workspace/personal/code-review-action/src/utils/index.ts",
    "all": true,
    "statementMap": {
      "0": { "start": { "line": 1, "column": 0 }, "end": { "line": 1, "column": 18 } },
      "1": { "start": { "line": 2, "column": 0 }, "end": { "line": 2, "column": 34 } },
      "2": { "start": { "line": 3, "column": 0 }, "end": { "line": 3, "column": 41 } }
    },
    "s": { "0": 0, "1": 0, "2": 0 },
    "branchMap": {
      "0": {
        "type": "branch",
        "line": 1,
        "loc": { "start": { "line": 1, "column": 0 }, "end": { "line": 3, "column": 41 } },
        "locations": [{ "start": { "line": 1, "column": 0 }, "end": { "line": 3, "column": 41 } }]
      }
    },
    "b": { "0": [0] },
    "fnMap": {
      "0": {
        "name": "(empty-report)",
        "decl": { "start": { "line": 1, "column": 0 }, "end": { "line": 3, "column": 41 } },
        "loc": { "start": { "line": 1, "column": 0 }, "end": { "line": 3, "column": 41 } },
        "line": 1
      }
    },
    "f": { "0": 0 }
  }
}
